2021/02/10 18:57:12 [error] 929470#0: *1 connect() failed (111: Connection refused) while connecting to upstream, client: 127.0.0.1, server: y.com, request: "GET / HTTP/1.1", upstream: "fastcgi://127.0.0.1:9000", host: "y.com"
2021/02/10 19:05:52 [error] 929613#0: *16 FastCGI sent in stderr: "PHP message: PHP Parse error:  syntax error, unexpected ']', expecting identifier (T_STRING) in /home/wwwroot/yii-erik-admin/config/web.php on line 57" while reading response header from upstream, client: 127.0.0.1, server: y.com, request: "GET / HTTP/1.1", upstream: "fastcgi://unix:/tmp/php-cgi.sock:", host: "y.com"
2021/02/10 19:05:53 [error] 929613#0: *16 FastCGI sent in stderr: "PHP message: PHP Parse error:  syntax error, unexpected ']', expecting identifier (T_STRING) in /home/wwwroot/yii-erik-admin/config/web.php on line 57" while reading response header from upstream, client: 127.0.0.1, server: y.com, request: "GET / HTTP/1.1", upstream: "fastcgi://unix:/tmp/php-cgi.sock:", host: "y.com"
2021/02/10 19:06:09 [error] 929613#0: *16 FastCGI sent in stderr: "PHP message: PHP Parse error:  syntax error, unexpected ']', expecting identifier (T_STRING) in /home/wwwroot/yii-erik-admin/config/web.php on line 57" while reading response header from upstream, client: 127.0.0.1, server: y.com, request: "GET / HTTP/1.1", upstream: "fastcgi://unix:/tmp/php-cgi.sock:", host: "y.com"
2021/02/10 19:06:13 [error] 929613#0: *16 FastCGI sent in stderr: "PHP message: PHP Parse error:  syntax error, unexpected ']', expecting identifier (T_STRING) in /home/wwwroot/yii-erik-admin/config/web.php on line 57" while reading response header from upstream, client: 127.0.0.1, server: y.com, request: "GET /gii HTTP/1.1", upstream: "fastcgi://unix:/tmp/php-cgi.sock:", host: "y.com"
2021/02/10 19:06:18 [error] 929613#0: *16 FastCGI sent in stderr: "PHP message: PHP Parse error:  syntax error, unexpected ']', expecting identifier (T_STRING) in /home/wwwroot/yii-erik-admin/config/web.php on line 57" while reading response header from upstream, client: 127.0.0.1, server: y.com, request: "GET /r=gii HTTP/1.1", upstream: "fastcgi://unix:/tmp/php-cgi.sock:", host: "y.com"
2021/02/10 19:06:35 [error] 929613#0: *16 FastCGI sent in stderr: "PHP message: PHP Parse error:  syntax error, unexpected ']', expecting identifier (T_STRING) in /home/wwwroot/yii-erik-admin/config/web.php on line 57" while reading response header from upstream, client: 127.0.0.1, server: y.com, request: "GET /r=gii HTTP/1.1", upstream: "fastcgi://unix:/tmp/php-cgi.sock:", host: "y.com"
2021/02/10 19:06:36 [error] 929613#0: *16 FastCGI sent in stderr: "PHP message: PHP Parse error:  syntax error, unexpected ']', expecting identifier (T_STRING) in /home/wwwroot/yii-erik-admin/config/web.php on line 57" while reading response header from upstream, client: 127.0.0.1, server: y.com, request: "GET /r=gii HTTP/1.1", upstream: "fastcgi://unix:/tmp/php-cgi.sock:", host: "y.com"
2021/02/10 19:06:38 [error] 929613#0: *16 FastCGI sent in stderr: "PHP message: PHP Parse error:  syntax error, unexpected ']', expecting identifier (T_STRING) in /home/wwwroot/yii-erik-admin/config/web.php on line 57" while reading response header from upstream, client: 127.0.0.1, server: y.com, request: "GET / HTTP/1.1", upstream: "fastcgi://unix:/tmp/php-cgi.sock:", host: "y.com"
2021/02/10 21:55:23 [error] 929613#0: *180 FastCGI sent in stderr: "PHP message: An Error occurred while handling another error:
yii\base\InvalidRouteException: Unable to resolve the request "site/error". in /home/wwwroot/yii-erik-admin/vendor/yiisoft/yii2/base/Module.php:543
Stack trace:
#0 /home/wwwroot/yii-erik-admin/vendor/yiisoft/yii2/web/ErrorHandler.php(109): yii\base\Module->runAction()
#1 /home/wwwroot/yii-erik-admin/vendor/yiisoft/yii2/base/ErrorHandler.php(135): yii\web\ErrorHandler->renderException()
#2 [internal function]: yii\base\ErrorHandler->handleException()
#3 {main}
Previous exception:
yii\web\NotFoundHttpException: Page not found. in /home/wwwroot/yii-erik-admin/vendor/yiisoft/yii2/web/Request.php:290
Stack trace:
#0 /home/wwwroot/yii-erik-admin/vendor/yiisoft/yii2/web/Application.php(83): yii\web\Request->resolve()
#1 /home/wwwroot/yii-erik-admin/vendor/yiisoft/yii2/base/Application.php(392): yii\web\Application->handleRequest()
#2 /home/wwwroot/yii-erik-admin/web/index.php(12): yii\base\Application->run()
#3 {main}
$_SERVER = [
    'USER' =>" while reading upstream, client: 127.0.0.1, server: y.com, request: "GET /admin HTTP/1.1", upstream: "fastcgi://unix:/tmp/php-cgi.sock:", host: "y.com"
2021/02/10 21:56:25 [error] 929613#0: *183 FastCGI sent in stderr: "PHP message: An Error occurred while handling another error:
yii\base\InvalidRouteException: Unable to resolve the request "site/error". in /home/wwwroot/yii-erik-admin/vendor/yiisoft/yii2/base/Module.php:543
Stack trace:
#0 /home/wwwroot/yii-erik-admin/vendor/yiisoft/yii2/web/ErrorHandler.php(109): yii\base\Module->runAction()
#1 /home/wwwroot/yii-erik-admin/vendor/yiisoft/yii2/base/ErrorHandler.php(135): yii\web\ErrorHandler->renderException()
#2 [internal function]: yii\base\ErrorHandler->handleException()
#3 {main}
Previous exception:
yii\web\NotFoundHttpException: Page not found. in /home/wwwroot/yii-erik-admin/vendor/yiisoft/yii2/web/Request.php:290
Stack trace:
#0 /home/wwwroot/yii-erik-admin/vendor/yiisoft/yii2/web/Application.php(83): yii\web\Request->resolve()
#1 /home/wwwroot/yii-erik-admin/vendor/yiisoft/yii2/base/Application.php(392): yii\web\Application->handleRequest()
#2 /home/wwwroot/yii-erik-admin/web/index.php(12): yii\base\Application->run()
#3 {main}
$_SERVER = [
    'USER' =>" while reading upstream, client: 127.0.0.1, server: y.com, request: "GET /admin/index HTTP/1.1", upstream: "fastcgi://unix:/tmp/php-cgi.sock:", host: "y.com"
2021/02/10 21:56:34 [error] 929613#0: *183 FastCGI sent in stderr: "PHP message: An Error occurred while handling another error:
yii\base\InvalidRouteException: Unable to resolve the request "site/error". in /home/wwwroot/yii-erik-admin/vendor/yiisoft/yii2/base/Module.php:543
Stack trace:
#0 /home/wwwroot/yii-erik-admin/vendor/yiisoft/yii2/web/ErrorHandler.php(109): yii\base\Module->runAction()
#1 /home/wwwroot/yii-erik-admin/vendor/yiisoft/yii2/base/ErrorHandler.php(135): yii\web\ErrorHandler->renderException()
#2 [internal function]: yii\base\ErrorHandler->handleException()
#3 {main}
Previous exception:
yii\web\NotFoundHttpException: Page not found. in /home/wwwroot/yii-erik-admin/vendor/yiisoft/yii2/web/Request.php:290
Stack trace:
#0 /home/wwwroot/yii-erik-admin/vendor/yiisoft/yii2/web/Application.php(83): yii\web\Request->resolve()
#1 /home/wwwroot/yii-erik-admin/vendor/yiisoft/yii2/base/Application.php(392): yii\web\Application->handleRequest()
#2 /home/wwwroot/yii-erik-admin/web/index.php(12): yii\base\Application->run()
#3 {main}
$_SERVER = [
    'USER' =>" while reading upstream, client: 127.0.0.1, server: y.com, request: "GET /index.php/admin/index HTTP/1.1", upstream: "fastcgi://unix:/tmp/php-cgi.sock:", host: "y.com"
2021/02/10 21:58:28 [error] 929613#0: *190 FastCGI sent in stderr: "PHP message: An Error occurred while handling another error:
yii\base\InvalidRouteException: Unable to resolve the request "site/error". in /home/wwwroot/yii-erik-admin/vendor/yiisoft/yii2/base/Module.php:543
Stack trace:
#0 /home/wwwroot/yii-erik-admin/vendor/yiisoft/yii2/web/ErrorHandler.php(109): yii\base\Module->runAction()
#1 /home/wwwroot/yii-erik-admin/vendor/yiisoft/yii2/base/ErrorHandler.php(135): yii\web\ErrorHandler->renderException()
#2 [internal function]: yii\base\ErrorHandler->handleException()
#3 {main}
Previous exception:
yii\web\NotFoundHttpException: Page not found. in /home/wwwroot/yii-erik-admin/vendor/yiisoft/yii2/web/Request.php:290
Stack trace:
#0 /home/wwwroot/yii-erik-admin/vendor/yiisoft/yii2/web/Application.php(83): yii\web\Request->resolve()
#1 /home/wwwroot/yii-erik-admin/vendor/yiisoft/yii2/base/Application.php(392): yii\web\Application->handleRequest()
#2 /home/wwwroot/yii-erik-admin/web/index.php(12): yii\base\Application->run()
#3 {main}
$_SERVER = [
    'USER' =>" while reading upstream, client: 127.0.0.1, server: y.com, request: "GET /admin HTTP/1.1", upstream: "fastcgi://unix:/tmp/php-cgi.sock:", host: "y.com"
2021/02/10 22:01:25 [error] 929613#0: *195 FastCGI sent in stderr: "PHP message: An Error occurred while handling another error:
yii\base\InvalidRouteException: Unable to resolve the request "site/error". in /home/wwwroot/yii-erik-admin/vendor/yiisoft/yii2/base/Module.php:543
Stack trace:
#0 /home/wwwroot/yii-erik-admin/vendor/yiisoft/yii2/web/ErrorHandler.php(109): yii\base\Module->runAction()
#1 /home/wwwroot/yii-erik-admin/vendor/yiisoft/yii2/base/ErrorHandler.php(135): yii\web\ErrorHandler->renderException()
#2 [internal function]: yii\base\ErrorHandler->handleException()
#3 {main}
Previous exception:
yii\web\NotFoundHttpException: Page not found. in /home/wwwroot/yii-erik-admin/vendor/yiisoft/yii2/web/Request.php:290
Stack trace:
#0 /home/wwwroot/yii-erik-admin/vendor/yiisoft/yii2/web/Application.php(83): yii\web\Request->resolve()
#1 /home/wwwroot/yii-erik-admin/vendor/yiisoft/yii2/base/Application.php(392): yii\web\Application->handleRequest()
#2 /home/wwwroot/yii-erik-admin/web/index.php(12): yii\base\Application->run()
#3 {main}
$_SERVER = [
    'USER' =>" while reading upstream, client: 127.0.0.1, server: y.com, request: "GET /admin/index HTTP/1.1", upstream: "fastcgi://unix:/tmp/php-cgi.sock:", host: "y.com"
2021/02/10 22:03:10 [error] 929613#0: *198 FastCGI sent in stderr: "PHP message: An Error occurred while handling another error:
yii\base\InvalidRouteException: Unable to resolve the request "site/error". in /home/wwwroot/yii-erik-admin/vendor/yiisoft/yii2/base/Module.php:543
Stack trace:
#0 /home/wwwroot/yii-erik-admin/vendor/yiisoft/yii2/web/ErrorHandler.php(109): yii\base\Module->runAction()
#1 /home/wwwroot/yii-erik-admin/vendor/yiisoft/yii2/base/ErrorHandler.php(135): yii\web\ErrorHandler->renderException()
#2 [internal function]: yii\base\ErrorHandler->handleException()
#3 {main}
Previous exception:
yii\web\NotFoundHttpException: Page not found. in /home/wwwroot/yii-erik-admin/vendor/yiisoft/yii2/web/Request.php:290
Stack trace:
#0 /home/wwwroot/yii-erik-admin/vendor/yiisoft/yii2/web/Application.php(83): yii\web\Request->resolve()
#1 /home/wwwroot/yii-erik-admin/vendor/yiisoft/yii2/base/Application.php(392): yii\web\Application->handleRequest()
#2 /home/wwwroot/yii-erik-admin/web/index.php(12): yii\base\Application->run()
#3 {main}
$_SERVER = [
    'USER' =>" while reading upstream, client: 127.0.0.1, server: y.com, request: "GET /admin/index HTTP/1.1", upstream: "fastcgi://unix:/tmp/php-cgi.sock:", host: "y.com"
2021/02/10 22:03:11 [error] 929613#0: *198 FastCGI sent in stderr: "PHP message: An Error occurred while handling another error:
yii\base\InvalidRouteException: Unable to resolve the request "site/error". in /home/wwwroot/yii-erik-admin/vendor/yiisoft/yii2/base/Module.php:543
Stack trace:
#0 /home/wwwroot/yii-erik-admin/vendor/yiisoft/yii2/web/ErrorHandler.php(109): yii\base\Module->runAction()
#1 /home/wwwroot/yii-erik-admin/vendor/yiisoft/yii2/base/ErrorHandler.php(135): yii\web\ErrorHandler->renderException()
#2 [internal function]: yii\base\ErrorHandler->handleException()
#3 {main}
Previous exception:
yii\web\NotFoundHttpException: Page not found. in /home/wwwroot/yii-erik-admin/vendor/yiisoft/yii2/web/Request.php:290
Stack trace:
#0 /home/wwwroot/yii-erik-admin/vendor/yiisoft/yii2/web/Application.php(83): yii\web\Request->resolve()
#1 /home/wwwroot/yii-erik-admin/vendor/yiisoft/yii2/base/Application.php(392): yii\web\Application->handleRequest()
#2 /home/wwwroot/yii-erik-admin/web/index.php(12): yii\base\Application->run()
#3 {main}
$_SERVER = [
    'USER' =>" while reading upstream, client: 127.0.0.1, server: y.com, request: "GET /admin/index HTTP/1.1", upstream: "fastcgi://unix:/tmp/php-cgi.sock:", host: "y.com"
2021/02/10 22:05:26 [error] 929613#0: *202 FastCGI sent in stderr: "PHP message: An Error occurred while handling another error:
yii\base\InvalidRouteException: Unable to resolve the request "site/error". in /home/wwwroot/yii-erik-admin/vendor/yiisoft/yii2/base/Module.php:543
Stack trace:
#0 /home/wwwroot/yii-erik-admin/vendor/yiisoft/yii2/web/ErrorHandler.php(109): yii\base\Module->runAction()
#1 /home/wwwroot/yii-erik-admin/vendor/yiisoft/yii2/base/ErrorHandler.php(135): yii\web\ErrorHandler->renderException()
#2 [internal function]: yii\base\ErrorHandler->handleException()
#3 {main}
Previous exception:
yii\web\NotFoundHttpException: Page not found. in /home/wwwroot/yii-erik-admin/vendor/yiisoft/yii2/web/Request.php:290
Stack trace:
#0 /home/wwwroot/yii-erik-admin/vendor/yiisoft/yii2/web/Application.php(83): yii\web\Request->resolve()
#1 /home/wwwroot/yii-erik-admin/vendor/yiisoft/yii2/base/Application.php(392): yii\web\Application->handleRequest()
#2 /home/wwwroot/yii-erik-admin/web/index.php(12): yii\base\Application->run()
#3 {main}
$_SERVER = [
    'USER' =>" while reading upstream, client: 127.0.0.1, server: y.com, request: "GET /index.php/admin/index HTTP/1.1", upstream: "fastcgi://unix:/tmp/php-cgi.sock:", host: "y.com"
2021/02/10 22:06:02 [error] 929613#0: *202 FastCGI sent in stderr: "PHP message: An Error occurred while handling another error:
yii\base\InvalidRouteException: Unable to resolve the request "site/error". in /home/wwwroot/yii-erik-admin/vendor/yiisoft/yii2/base/Module.php:543
Stack trace:
#0 /home/wwwroot/yii-erik-admin/vendor/yiisoft/yii2/web/ErrorHandler.php(109): yii\base\Module->runAction()
#1 /home/wwwroot/yii-erik-admin/vendor/yiisoft/yii2/base/ErrorHandler.php(135): yii\web\ErrorHandler->renderException()
#2 [internal function]: yii\base\ErrorHandler->handleException()
#3 {main}
Previous exception:
yii\web\NotFoundHttpException: Page not found. in /home/wwwroot/yii-erik-admin/vendor/yiisoft/yii2/web/Request.php:290
Stack trace:
#0 /home/wwwroot/yii-erik-admin/vendor/yiisoft/yii2/web/Application.php(83): yii\web\Request->resolve()
#1 /home/wwwroot/yii-erik-admin/vendor/yiisoft/yii2/base/Application.php(392): yii\web\Application->handleRequest()
#2 /home/wwwroot/yii-erik-admin/web/index.php(12): yii\base\Application->run()
#3 {main}
$_SERVER = [
    'USER' =>" while reading upstream, client: 127.0.0.1, server: y.com, request: "GET /index.php/admin/index HTTP/1.1", upstream: "fastcgi://unix:/tmp/php-cgi.sock:", host: "y.com"
2021/02/10 22:06:07 [error] 929613#0: *202 FastCGI sent in stderr: "PHP message: An Error occurred while handling another error:
yii\base\InvalidRouteException: Unable to resolve the request "site/error". in /home/wwwroot/yii-erik-admin/vendor/yiisoft/yii2/base/Module.php:543
Stack trace:
#0 /home/wwwroot/yii-erik-admin/vendor/yiisoft/yii2/web/ErrorHandler.php(109): yii\base\Module->runAction()
#1 /home/wwwroot/yii-erik-admin/vendor/yiisoft/yii2/base/ErrorHandler.php(135): yii\web\ErrorHandler->renderException()
#2 [internal function]: yii\base\ErrorHandler->handleException()
#3 {main}
Previous exception:
yii\web\NotFoundHttpException: Page not found. in /home/wwwroot/yii-erik-admin/vendor/yiisoft/yii2/web/Request.php:290
Stack trace:
#0 /home/wwwroot/yii-erik-admin/vendor/yiisoft/yii2/web/Application.php(83): yii\web\Request->resolve()
#1 /home/wwwroot/yii-erik-admin/vendor/yiisoft/yii2/base/Application.php(392): yii\web\Application->handleRequest()
#2 /home/wwwroot/yii-erik-admin/web/index.php(12): yii\base\Application->run()
#3 {main}
$_SERVER = [
    'USER' =>" while reading upstream, client: 127.0.0.1, server: y.com, request: "GET /admin/index HTTP/1.1", upstream: "fastcgi://unix:/tmp/php-cgi.sock:", host: "y.com"
2021/02/10 22:17:46 [error] 929613#0: *249 FastCGI sent in stderr: "PHP message: An Error occurred while handling another error:
yii\base\InvalidRouteException: Unable to resolve the request "site/error". in /home/wwwroot/yii-erik-admin/vendor/yiisoft/yii2/base/Module.php:543
Stack trace:
#0 /home/wwwroot/yii-erik-admin/vendor/yiisoft/yii2/web/ErrorHandler.php(109): yii\base\Module->runAction()
#1 /home/wwwroot/yii-erik-admin/vendor/yiisoft/yii2/base/ErrorHandler.php(135): yii\web\ErrorHandler->renderException()
#2 [internal function]: yii\base\ErrorHandler->handleException()
#3 {main}
Previous exception:
yii\base\InvalidRouteException: Unable to resolve the request "". in /home/wwwroot/yii-erik-admin/vendor/yiisoft/yii2/base/Module.php:543
Stack trace:
#0 /home/wwwroot/yii-erik-admin/vendor/yiisoft/yii2/web/Application.php(104): yii\base\Module->runAction()
#1 /home/wwwroot/yii-erik-admin/vendor/yiisoft/yii2/base/Application.php(392): yii\web\Application->handleRequest()
#2 /home/wwwroot/yii-erik-admin/web/index.php(12): yii\base\Application->run()
#3 {main}

Nex" while reading upstream, client: 127.0.0.1, server: y.com, request: "GET / HTTP/1.1", upstream: "fastcgi://unix:/tmp/php-cgi.sock:", host: "y.com", referrer: "http://y.com/gii/extension"
2021/02/19 22:21:28 [error] 929613#0: *436 FastCGI sent in stderr: "PHP message: An Error occurred while handling another error:
yii\base\InvalidRouteException: Unable to resolve the request "site/error". in /home/wwwroot/yii-erik-admin/vendor/yiisoft/yii2/base/Module.php:543
Stack trace:
#0 /home/wwwroot/yii-erik-admin/vendor/yiisoft/yii2/web/ErrorHandler.php(109): yii\base\Module->runAction()
#1 /home/wwwroot/yii-erik-admin/vendor/yiisoft/yii2/base/ErrorHandler.php(135): yii\web\ErrorHandler->renderException()
#2 [internal function]: yii\base\ErrorHandler->handleException()
#3 {main}
Previous exception:
yii\base\InvalidRouteException: Unable to resolve the request "admin/index". in /home/wwwroot/yii-erik-admin/vendor/yiisoft/yii2/base/Module.php:543
Stack trace:
#0 /home/wwwroot/yii-erik-admin/vendor/yiisoft/yii2/web/Application.php(104): yii\base\Module->runAction()
#1 /home/wwwroot/yii-erik-admin/vendor/yiisoft/yii2/base/Application.php(392): yii\web\Application->handleRequest()
#2 /home/wwwroot/yii-erik-admin/web/index.php(12): yii\base\Application->run()
#3" while reading upstream, client: 127.0.0.1, server: y.com, request: "GET /admin/index?name=erik HTTP/1.1", upstream: "fastcgi://unix:/tmp/php-cgi.sock:", host: "127.0.0.1"
2021/02/19 22:24:05 [error] 929613#0: *438 FastCGI sent in stderr: "PHP message: An Error occurred while handling another error:
yii\base\InvalidRouteException: Unable to resolve the request "site/error". in /home/wwwroot/yii-erik-admin/vendor/yiisoft/yii2/base/Module.php:543
Stack trace:
#0 /home/wwwroot/yii-erik-admin/vendor/yiisoft/yii2/web/ErrorHandler.php(109): yii\base\Module->runAction()
#1 /home/wwwroot/yii-erik-admin/vendor/yiisoft/yii2/base/ErrorHandler.php(135): yii\web\ErrorHandler->renderException()
#2 [internal function]: yii\base\ErrorHandler->handleException()
#3 {main}
Previous exception:
yii\base\InvalidRouteException: Unable to resolve the request "v1/admin/index". in /home/wwwroot/yii-erik-admin/vendor/yiisoft/yii2/base/Module.php:543
Stack trace:
#0 /home/wwwroot/yii-erik-admin/vendor/yiisoft/yii2/web/Application.php(104): yii\base\Module->runAction()
#1 /home/wwwroot/yii-erik-admin/vendor/yiisoft/yii2/base/Application.php(392): yii\web\Application->handleRequest()
#2 /home/wwwroot/yii-erik-admin/web/index.php(12): yii\base\Application->run()" while reading upstream, client: 127.0.0.1, server: y.com, request: "GET /v1/admin/index?name= HTTP/1.1", upstream: "fastcgi://unix:/tmp/php-cgi.sock:", host: "127.0.0.1"
2021/02/19 22:24:27 [error] 929613#0: *438 FastCGI sent in stderr: "PHP message: An Error occurred while handling another error:
yii\base\InvalidRouteException: Unable to resolve the request "site/error". in /home/wwwroot/yii-erik-admin/vendor/yiisoft/yii2/base/Module.php:543
Stack trace:
#0 /home/wwwroot/yii-erik-admin/vendor/yiisoft/yii2/web/ErrorHandler.php(109): yii\base\Module->runAction()
#1 /home/wwwroot/yii-erik-admin/vendor/yiisoft/yii2/base/ErrorHandler.php(135): yii\web\ErrorHandler->renderException()
#2 [internal function]: yii\base\ErrorHandler->handleException()
#3 {main}
Previous exception:
yii\base\InvalidRouteException: Unable to resolve the request "v1/admin/index". in /home/wwwroot/yii-erik-admin/vendor/yiisoft/yii2/base/Module.php:543
Stack trace:
#0 /home/wwwroot/yii-erik-admin/vendor/yiisoft/yii2/web/Application.php(104): yii\base\Module->runAction()
#1 /home/wwwroot/yii-erik-admin/vendor/yiisoft/yii2/base/Application.php(392): yii\web\Application->handleRequest()
#2 /home/wwwroot/yii-erik-admin/web/index.php(12): yii\base\Application->run()" while reading upstream, client: 127.0.0.1, server: y.com, request: "GET /v1/admin/index?name= HTTP/1.1", upstream: "fastcgi://unix:/tmp/php-cgi.sock:", host: "127.0.0.1"
2021/02/19 22:24:37 [error] 929613#0: *438 FastCGI sent in stderr: "PHP message: An Error occurred while handling another error:
yii\base\InvalidRouteException: Unable to resolve the request "site/error". in /home/wwwroot/yii-erik-admin/vendor/yiisoft/yii2/base/Module.php:543
Stack trace:
#0 /home/wwwroot/yii-erik-admin/vendor/yiisoft/yii2/web/ErrorHandler.php(109): yii\base\Module->runAction()
#1 /home/wwwroot/yii-erik-admin/vendor/yiisoft/yii2/base/ErrorHandler.php(135): yii\web\ErrorHandler->renderException()
#2 [internal function]: yii\base\ErrorHandler->handleException()
#3 {main}
Previous exception:
yii\base\InvalidRouteException: Unable to resolve the request "v1/admin/index". in /home/wwwroot/yii-erik-admin/vendor/yiisoft/yii2/base/Module.php:543
Stack trace:
#0 /home/wwwroot/yii-erik-admin/vendor/yiisoft/yii2/web/Application.php(104): yii\base\Module->runAction()
#1 /home/wwwroot/yii-erik-admin/vendor/yiisoft/yii2/base/Application.php(392): yii\web\Application->handleRequest()
#2 /home/wwwroot/yii-erik-admin/web/index.php(12): yii\base\Application->run()" while reading upstream, client: 127.0.0.1, server: y.com, request: "GET /v1/admin/index?name= HTTP/1.1", upstream: "fastcgi://unix:/tmp/php-cgi.sock:", host: "127.0.0.1"
2021/02/19 22:25:27 [error] 929613#0: *438 FastCGI sent in stderr: "PHP message: An Error occurred while handling another error:
yii\base\InvalidRouteException: Unable to resolve the request "site/error". in /home/wwwroot/yii-erik-admin/vendor/yiisoft/yii2/base/Module.php:543
Stack trace:
#0 /home/wwwroot/yii-erik-admin/vendor/yiisoft/yii2/web/ErrorHandler.php(109): yii\base\Module->runAction()
#1 /home/wwwroot/yii-erik-admin/vendor/yiisoft/yii2/base/ErrorHandler.php(135): yii\web\ErrorHandler->renderException()
#2 [internal function]: yii\base\ErrorHandler->handleException()
#3 {main}
Previous exception:
yii\base\InvalidRouteException: Unable to resolve the request "v1/admin/index". in /home/wwwroot/yii-erik-admin/vendor/yiisoft/yii2/base/Module.php:543
Stack trace:
#0 /home/wwwroot/yii-erik-admin/vendor/yiisoft/yii2/web/Application.php(104): yii\base\Module->runAction()
#1 /home/wwwroot/yii-erik-admin/vendor/yiisoft/yii2/base/Application.php(392): yii\web\Application->handleRequest()
#2 /home/wwwroot/yii-erik-admin/web/index.php(12): yii\base\Application->run()" while reading upstream, client: 127.0.0.1, server: y.com, request: "GET /v1/admin/index?name= HTTP/1.1", upstream: "fastcgi://unix:/tmp/php-cgi.sock:", host: "127.0.0.1"
2021/02/19 22:26:08 [error] 929613#0: *438 FastCGI sent in stderr: "PHP message: An Error occurred while handling another error:
yii\base\InvalidRouteException: Unable to resolve the request "site/error". in /home/wwwroot/yii-erik-admin/vendor/yiisoft/yii2/base/Module.php:543
Stack trace:
#0 /home/wwwroot/yii-erik-admin/vendor/yiisoft/yii2/web/ErrorHandler.php(109): yii\base\Module->runAction()
#1 /home/wwwroot/yii-erik-admin/vendor/yiisoft/yii2/base/ErrorHandler.php(135): yii\web\ErrorHandler->renderException()
#2 [internal function]: yii\base\ErrorHandler->handleException()
#3 {main}
Previous exception:
yii\base\InvalidRouteException: Unable to resolve the request "v1/admin/index". in /home/wwwroot/yii-erik-admin/vendor/yiisoft/yii2/base/Module.php:543
Stack trace:
#0 /home/wwwroot/yii-erik-admin/vendor/yiisoft/yii2/web/Application.php(104): yii\base\Module->runAction()
#1 /home/wwwroot/yii-erik-admin/vendor/yiisoft/yii2/base/Application.php(392): yii\web\Application->handleRequest()
#2 /home/wwwroot/yii-erik-admin/web/index.php(12): yii\base\Application->run()" while reading upstream, client: 127.0.0.1, server: y.com, request: "GET /v1/admin/index?name= HTTP/1.1", upstream: "fastcgi://unix:/tmp/php-cgi.sock:", host: "127.0.0.1"
2021/02/19 22:36:22 [error] 929613#0: *490 FastCGI sent in stderr: "PHP message: An Error occurred while handling another error:
yii\base\InvalidRouteException: Unable to resolve the request "site/error". in /home/wwwroot/yii-erik-admin/vendor/yiisoft/yii2/base/Module.php:543
Stack trace:
#0 /home/wwwroot/yii-erik-admin/vendor/yiisoft/yii2/web/ErrorHandler.php(109): yii\base\Module->runAction()
#1 /home/wwwroot/yii-erik-admin/vendor/yiisoft/yii2/base/ErrorHandler.php(135): yii\web\ErrorHandler->renderException()
#2 [internal function]: yii\base\ErrorHandler->handleException()
#3 {main}
Previous exception:
yii\base\InvalidRouteException: Unable to resolve the request "v1/admin/index". in /home/wwwroot/yii-erik-admin/vendor/yiisoft/yii2/base/Module.php:543
Stack trace:
#0 /home/wwwroot/yii-erik-admin/vendor/yiisoft/yii2/web/Application.php(104): yii\base\Module->runAction()
#1 /home/wwwroot/yii-erik-admin/vendor/yiisoft/yii2/base/Application.php(392): yii\web\Application->handleRequest()
#2 /home/wwwroot/yii-erik-admin/web/index.php(12): yii\base\Application->run()" while reading upstream, client: 127.0.0.1, server: y.com, request: "GET /v1/admin/index?name= HTTP/1.1", upstream: "fastcgi://unix:/tmp/php-cgi.sock:", host: "127.0.0.1"
2021/02/19 22:36:55 [error] 929613#0: *490 FastCGI sent in stderr: "PHP message: An Error occurred while handling another error:
yii\base\InvalidRouteException: Unable to resolve the request "site/error". in /home/wwwroot/yii-erik-admin/vendor/yiisoft/yii2/base/Module.php:543
Stack trace:
#0 /home/wwwroot/yii-erik-admin/vendor/yiisoft/yii2/web/ErrorHandler.php(109): yii\base\Module->runAction()
#1 /home/wwwroot/yii-erik-admin/vendor/yiisoft/yii2/base/ErrorHandler.php(135): yii\web\ErrorHandler->renderException()
#2 [internal function]: yii\base\ErrorHandler->handleException()
#3 {main}
Previous exception:
yii\base\InvalidRouteException: Unable to resolve the request "v1/admin/index". in /home/wwwroot/yii-erik-admin/vendor/yiisoft/yii2/base/Module.php:543
Stack trace:
#0 /home/wwwroot/yii-erik-admin/vendor/yiisoft/yii2/web/Application.php(104): yii\base\Module->runAction()
#1 /home/wwwroot/yii-erik-admin/vendor/yiisoft/yii2/base/Application.php(392): yii\web\Application->handleRequest()
#2 /home/wwwroot/yii-erik-admin/web/index.php(12): yii\base\Application->run()" while reading upstream, client: 127.0.0.1, server: y.com, request: "GET /v1/admin/index?name= HTTP/1.1", upstream: "fastcgi://unix:/tmp/php-cgi.sock:", host: "127.0.0.1"
2021/02/19 22:39:53 [error] 929613#0: *506 FastCGI sent in stderr: "PHP message: An Error occurred while handling another error:
yii\base\InvalidRouteException: Unable to resolve the request "site/error". in /home/wwwroot/yii-erik-admin/vendor/yiisoft/yii2/base/Module.php:543
Stack trace:
#0 /home/wwwroot/yii-erik-admin/vendor/yiisoft/yii2/web/ErrorHandler.php(109): yii\base\Module->runAction()
#1 /home/wwwroot/yii-erik-admin/vendor/yiisoft/yii2/base/ErrorHandler.php(135): yii\web\ErrorHandler->renderException()
#2 [internal function]: yii\base\ErrorHandler->handleException()
#3 {main}
Previous exception:
yii\base\InvalidRouteException: Unable to resolve the request "v1/admin/index". in /home/wwwroot/yii-erik-admin/vendor/yiisoft/yii2/base/Module.php:543
Stack trace:
#0 /home/wwwroot/yii-erik-admin/vendor/yiisoft/yii2/web/Application.php(104): yii\base\Module->runAction()
#1 /home/wwwroot/yii-erik-admin/vendor/yiisoft/yii2/base/Application.php(392): yii\web\Application->handleRequest()
#2 /home/wwwroot/yii-erik-admin/web/index.php(12): yii\base\Application->run()" while reading upstream, client: 127.0.0.1, server: y.com, request: "GET /v1/admin/index?name= HTTP/1.1", upstream: "fastcgi://unix:/tmp/php-cgi.sock:", host: "127.0.0.1"
2021/02/19 22:42:57 [error] 929613#0: *508 FastCGI sent in stderr: "PHP message: An Error occurred while handling another error:
yii\base\InvalidRouteException: Unable to resolve the request "site/error". in /home/wwwroot/yii-erik-admin/vendor/yiisoft/yii2/base/Module.php:543
Stack trace:
#0 /home/wwwroot/yii-erik-admin/vendor/yiisoft/yii2/web/ErrorHandler.php(109): yii\base\Module->runAction()
#1 /home/wwwroot/yii-erik-admin/vendor/yiisoft/yii2/base/ErrorHandler.php(135): yii\web\ErrorHandler->renderException()
#2 [internal function]: yii\base\ErrorHandler->handleException()
#3 {main}
Previous exception:
yii\base\InvalidRouteException: Unable to resolve the request "v1/admin/index". in /home/wwwroot/yii-erik-admin/vendor/yiisoft/yii2/base/Module.php:543
Stack trace:
#0 /home/wwwroot/yii-erik-admin/vendor/yiisoft/yii2/web/Application.php(104): yii\base\Module->runAction()
#1 /home/wwwroot/yii-erik-admin/vendor/yiisoft/yii2/base/Application.php(392): yii\web\Application->handleRequest()
#2 /home/wwwroot/yii-erik-admin/web/index.php(12): yii\base\Application->run()" while reading upstream, client: 127.0.0.1, server: y.com, request: "GET /v1/admin/index?name= HTTP/1.1", upstream: "fastcgi://unix:/tmp/php-cgi.sock:", host: "127.0.0.1"
2021/02/22 21:03:15 [error] 929613#0: *809 FastCGI sent in stderr: "PHP message: An Error occurred while handling another error:
yii\base\InvalidRouteException: Unable to resolve the request "site/error". in /home/wwwroot/yii-erik-admin/vendor/yiisoft/yii2/base/Module.php:543
Stack trace:
#0 /home/wwwroot/yii-erik-admin/vendor/yiisoft/yii2/web/ErrorHandler.php(109): yii\base\Module->runAction()
#1 /home/wwwroot/yii-erik-admin/vendor/yiisoft/yii2/base/ErrorHandler.php(135): yii\web\ErrorHandler->renderException()
#2 [internal function]: yii\base\ErrorHandler->handleException()
#3 {main}
Previous exception:
yii\web\BadRequestHttpException: 您提交的数据无法被验证。 in /home/wwwroot/yii-erik-admin/vendor/yiisoft/yii2/web/Controller.php:209
Stack trace:
#0 /home/wwwroot/yii-erik-admin/vendor/yiisoft/yii2/base/Controller.php(179): yii\web\Controller->beforeAction()
#1 /home/wwwroot/yii-erik-admin/vendor/yiisoft/yii2/base/Module.php(534): yii\base\Controller->runAction()
#2 /home/wwwroot/yii-erik-admin/vendor/yiisoft/yii2/web/Application.php(104): yii\base\Mo" while reading upstream, client: 127.0.0.1, server: y.com, request: "POST /v1/admin HTTP/1.1", upstream: "fastcgi://unix:/tmp/php-cgi.sock:", host: "127.0.0.1"
2021/02/22 21:04:24 [error] 929613#0: *809 FastCGI sent in stderr: "PHP message: An Error occurred while handling another error:
yii\base\InvalidRouteException: Unable to resolve the request "site/error". in /home/wwwroot/yii-erik-admin/vendor/yiisoft/yii2/base/Module.php:543
Stack trace:
#0 /home/wwwroot/yii-erik-admin/vendor/yiisoft/yii2/web/ErrorHandler.php(109): yii\base\Module->runAction()
#1 /home/wwwroot/yii-erik-admin/vendor/yiisoft/yii2/base/ErrorHandler.php(135): yii\web\ErrorHandler->renderException()
#2 [internal function]: yii\base\ErrorHandler->handleException()
#3 {main}
Previous exception:
yii\web\BadRequestHttpException: 您提交的数据无法被验证。 in /home/wwwroot/yii-erik-admin/vendor/yiisoft/yii2/web/Controller.php:209
Stack trace:
#0 /home/wwwroot/yii-erik-admin/vendor/yiisoft/yii2/base/Controller.php(179): yii\web\Controller->beforeAction()
#1 /home/wwwroot/yii-erik-admin/vendor/yiisoft/yii2/base/Module.php(534): yii\base\Controller->runAction()
#2 /home/wwwroot/yii-erik-admin/vendor/yiisoft/yii2/web/Application.php(104): yii\base\Mo" while reading upstream, client: 127.0.0.1, server: y.com, request: "POST /v1/admin HTTP/1.1", upstream: "fastcgi://unix:/tmp/php-cgi.sock:", host: "127.0.0.1"
2021/02/22 21:04:38 [error] 929613#0: *809 FastCGI sent in stderr: "PHP message: An Error occurred while handling another error:
yii\base\InvalidRouteException: Unable to resolve the request "site/error". in /home/wwwroot/yii-erik-admin/vendor/yiisoft/yii2/base/Module.php:543
Stack trace:
#0 /home/wwwroot/yii-erik-admin/vendor/yiisoft/yii2/web/ErrorHandler.php(109): yii\base\Module->runAction()
#1 /home/wwwroot/yii-erik-admin/vendor/yiisoft/yii2/base/ErrorHandler.php(135): yii\web\ErrorHandler->renderException()
#2 [internal function]: yii\base\ErrorHandler->handleException()
#3 {main}
Previous exception:
yii\web\BadRequestHttpException: 您提交的数据无法被验证。 in /home/wwwroot/yii-erik-admin/vendor/yiisoft/yii2/web/Controller.php:209
Stack trace:
#0 /home/wwwroot/yii-erik-admin/vendor/yiisoft/yii2/base/Controller.php(179): yii\web\Controller->beforeAction()
#1 /home/wwwroot/yii-erik-admin/vendor/yiisoft/yii2/base/Module.php(534): yii\base\Controller->runAction()
#2 /home/wwwroot/yii-erik-admin/vendor/yiisoft/yii2/web/Application.php(104): yii\base\Mo" while reading upstream, client: 127.0.0.1, server: y.com, request: "POST /v1/admin/create HTTP/1.1", upstream: "fastcgi://unix:/tmp/php-cgi.sock:", host: "127.0.0.1"
2021/02/22 21:04:42 [error] 929613#0: *809 FastCGI sent in stderr: "PHP message: An Error occurred while handling another error:
yii\base\InvalidRouteException: Unable to resolve the request "site/error". in /home/wwwroot/yii-erik-admin/vendor/yiisoft/yii2/base/Module.php:543
Stack trace:
#0 /home/wwwroot/yii-erik-admin/vendor/yiisoft/yii2/web/ErrorHandler.php(109): yii\base\Module->runAction()
#1 /home/wwwroot/yii-erik-admin/vendor/yiisoft/yii2/base/ErrorHandler.php(135): yii\web\ErrorHandler->renderException()
#2 [internal function]: yii\base\ErrorHandler->handleException()
#3 {main}
Previous exception:
yii\web\BadRequestHttpException: 您提交的数据无法被验证。 in /home/wwwroot/yii-erik-admin/vendor/yiisoft/yii2/web/Controller.php:209
Stack trace:
#0 /home/wwwroot/yii-erik-admin/vendor/yiisoft/yii2/base/Controller.php(179): yii\web\Controller->beforeAction()
#1 /home/wwwroot/yii-erik-admin/vendor/yiisoft/yii2/base/Module.php(534): yii\base\Controller->runAction()
#2 /home/wwwroot/yii-erik-admin/vendor/yiisoft/yii2/web/Application.php(104): yii\base\Mo" while reading upstream, client: 127.0.0.1, server: y.com, request: "POST /v1/admin/create HTTP/1.1", upstream: "fastcgi://unix:/tmp/php-cgi.sock:", host: "127.0.0.1"
2021/02/22 21:05:41 [error] 929613#0: *809 FastCGI sent in stderr: "PHP message: An Error occurred while handling another error:
yii\base\InvalidRouteException: Unable to resolve the request "site/error". in /home/wwwroot/yii-erik-admin/vendor/yiisoft/yii2/base/Module.php:543
Stack trace:
#0 /home/wwwroot/yii-erik-admin/vendor/yiisoft/yii2/web/ErrorHandler.php(109): yii\base\Module->runAction()
#1 /home/wwwroot/yii-erik-admin/vendor/yiisoft/yii2/base/ErrorHandler.php(135): yii\web\ErrorHandler->renderException()
#2 [internal function]: yii\base\ErrorHandler->handleException()
#3 {main}
Previous exception:
yii\web\BadRequestHttpException: 您提交的数据无法被验证。 in /home/wwwroot/yii-erik-admin/vendor/yiisoft/yii2/web/Controller.php:209
Stack trace:
#0 /home/wwwroot/yii-erik-admin/vendor/yiisoft/yii2/base/Controller.php(179): yii\web\Controller->beforeAction()
#1 /home/wwwroot/yii-erik-admin/vendor/yiisoft/yii2/base/Module.php(534): yii\base\Controller->runAction()
#2 /home/wwwroot/yii-erik-admin/vendor/yiisoft/yii2/web/Application.php(104): yii\base\Mo" while reading upstream, client: 127.0.0.1, server: y.com, request: "POST /v1/admin/create HTTP/1.1", upstream: "fastcgi://unix:/tmp/php-cgi.sock:", host: "127.0.0.1"
2021/02/22 21:06:20 [error] 929613#0: *809 FastCGI sent in stderr: "PHP message: An Error occurred while handling another error:
yii\base\InvalidRouteException: Unable to resolve the request "site/error". in /home/wwwroot/yii-erik-admin/vendor/yiisoft/yii2/base/Module.php:543
Stack trace:
#0 /home/wwwroot/yii-erik-admin/vendor/yiisoft/yii2/web/ErrorHandler.php(109): yii\base\Module->runAction()
#1 /home/wwwroot/yii-erik-admin/vendor/yiisoft/yii2/base/ErrorHandler.php(135): yii\web\ErrorHandler->renderException()
#2 [internal function]: yii\base\ErrorHandler->handleException()
#3 {main}
Previous exception:
yii\web\BadRequestHttpException: 您提交的数据无法被验证。 in /home/wwwroot/yii-erik-admin/vendor/yiisoft/yii2/web/Controller.php:209
Stack trace:
#0 /home/wwwroot/yii-erik-admin/vendor/yiisoft/yii2/base/Controller.php(179): yii\web\Controller->beforeAction()
#1 /home/wwwroot/yii-erik-admin/vendor/yiisoft/yii2/base/Module.php(534): yii\base\Controller->runAction()
#2 /home/wwwroot/yii-erik-admin/vendor/yiisoft/yii2/web/Application.php(104): yii\base\Mo" while reading upstream, client: 127.0.0.1, server: y.com, request: "POST /v1/admin/create HTTP/1.1", upstream: "fastcgi://unix:/tmp/php-cgi.sock:", host: "127.0.0.1"
2021/02/22 21:10:38 [error] 929613#0: *819 FastCGI sent in stderr: "PHP message: An Error occurred while handling another error:
yii\base\InvalidRouteException: Unable to resolve the request "site/error". in /home/wwwroot/yii-erik-admin/vendor/yiisoft/yii2/base/Module.php:543
Stack trace:
#0 /home/wwwroot/yii-erik-admin/vendor/yiisoft/yii2/web/ErrorHandler.php(109): yii\base\Module->runAction()
#1 /home/wwwroot/yii-erik-admin/vendor/yiisoft/yii2/base/ErrorHandler.php(135): yii\web\ErrorHandler->renderException()
#2 [internal function]: yii\base\ErrorHandler->handleException()
#3 {main}
Previous exception:
yii\web\BadRequestHttpException: 您提交的数据无法被验证。 in /home/wwwroot/yii-erik-admin/vendor/yiisoft/yii2/web/Controller.php:209
Stack trace:
#0 /home/wwwroot/yii-erik-admin/vendor/yiisoft/yii2/base/Controller.php(179): yii\web\Controller->beforeAction()
#1 /home/wwwroot/yii-erik-admin/vendor/yiisoft/yii2/base/Module.php(534): yii\base\Controller->runAction()
#2 /home/wwwroot/yii-erik-admin/vendor/yiisoft/yii2/web/Application.php(104): yii\base\Mo" while reading upstream, client: 127.0.0.1, server: y.com, request: "POST /v1/admin/create HTTP/1.1", upstream: "fastcgi://unix:/tmp/php-cgi.sock:", host: "127.0.0.1"
2021/02/22 21:11:29 [error] 929613#0: *819 FastCGI sent in stderr: "PHP message: An Error occurred while handling another error:
yii\base\InvalidRouteException: Unable to resolve the request "site/error". in /home/wwwroot/yii-erik-admin/vendor/yiisoft/yii2/base/Module.php:543
Stack trace:
#0 /home/wwwroot/yii-erik-admin/vendor/yiisoft/yii2/web/ErrorHandler.php(109): yii\base\Module->runAction()
#1 /home/wwwroot/yii-erik-admin/vendor/yiisoft/yii2/base/ErrorHandler.php(135): yii\web\ErrorHandler->renderException()
#2 [internal function]: yii\base\ErrorHandler->handleException()
#3 {main}
Previous exception:
yii\web\BadRequestHttpException: 您提交的数据无法被验证。 in /home/wwwroot/yii-erik-admin/vendor/yiisoft/yii2/web/Controller.php:209
Stack trace:
#0 /home/wwwroot/yii-erik-admin/vendor/yiisoft/yii2/base/Controller.php(179): yii\web\Controller->beforeAction()
#1 /home/wwwroot/yii-erik-admin/vendor/yiisoft/yii2/base/Module.php(534): yii\base\Controller->runAction()
#2 /home/wwwroot/yii-erik-admin/vendor/yiisoft/yii2/web/Application.php(104): yii\base\Mo" while reading upstream, client: 127.0.0.1, server: y.com, request: "POST /v1/admin/create HTTP/1.1", upstream: "fastcgi://unix:/tmp/php-cgi.sock:", host: "127.0.0.1"
2021/02/22 21:12:30 [error] 929613#0: *828 FastCGI sent in stderr: "PHP message: An Error occurred while handling another error:
yii\base\InvalidRouteException: Unable to resolve the request "site/error". in /home/wwwroot/yii-erik-admin/vendor/yiisoft/yii2/base/Module.php:543
Stack trace:
#0 /home/wwwroot/yii-erik-admin/vendor/yiisoft/yii2/web/ErrorHandler.php(109): yii\base\Module->runAction()
#1 /home/wwwroot/yii-erik-admin/vendor/yiisoft/yii2/base/ErrorHandler.php(135): yii\web\ErrorHandler->renderException()
#2 [internal function]: yii\base\ErrorHandler->handleException()
#3 {main}
Previous exception:
yii\web\BadRequestHttpException: 您提交的数据无法被验证。 in /home/wwwroot/yii-erik-admin/vendor/yiisoft/yii2/web/Controller.php:209
Stack trace:
#0 /home/wwwroot/yii-erik-admin/vendor/yiisoft/yii2/base/Controller.php(179): yii\web\Controller->beforeAction()
#1 /home/wwwroot/yii-erik-admin/vendor/yiisoft/yii2/base/Module.php(534): yii\base\Controller->runAction()
#2 /home/wwwroot/yii-erik-admin/vendor/yiisoft/yii2/web/Application.php(104): yii\base\Mo" while reading upstream, client: 127.0.0.1, server: y.com, request: "POST /v1/admin/create HTTP/1.1", upstream: "fastcgi://unix:/tmp/php-cgi.sock:", host: "127.0.0.1"
2021/02/22 21:15:37 [error] 929613#0: *830 FastCGI sent in stderr: "PHP message: An Error occurred while handling another error:
yii\base\InvalidRouteException: Unable to resolve the request "site/error". in /home/wwwroot/yii-erik-admin/vendor/yiisoft/yii2/base/Module.php:543
Stack trace:
#0 /home/wwwroot/yii-erik-admin/vendor/yiisoft/yii2/web/ErrorHandler.php(109): yii\base\Module->runAction()
#1 /home/wwwroot/yii-erik-admin/vendor/yiisoft/yii2/base/ErrorHandler.php(135): yii\web\ErrorHandler->renderException()
#2 [internal function]: yii\base\ErrorHandler->handleException()
#3 {main}
Previous exception:
yii\web\BadRequestHttpException: 您提交的数据无法被验证。 in /home/wwwroot/yii-erik-admin/vendor/yiisoft/yii2/web/Controller.php:209
Stack trace:
#0 /home/wwwroot/yii-erik-admin/vendor/yiisoft/yii2/base/Controller.php(179): yii\web\Controller->beforeAction()
#1 /home/wwwroot/yii-erik-admin/vendor/yiisoft/yii2/base/Module.php(534): yii\base\Controller->runAction()
#2 /home/wwwroot/yii-erik-admin/vendor/yiisoft/yii2/web/Application.php(104): yii\base\Mo" while reading upstream, client: 127.0.0.1, server: y.com, request: "POST /v1/admin/create HTTP/1.1", upstream: "fastcgi://unix:/tmp/php-cgi.sock:", host: "127.0.0.1"
2021/02/22 21:40:10 [error] 929613#0: *882 FastCGI sent in stderr: "PHP message: An Error occurred while handling another error:
yii\base\InvalidRouteException: Unable to resolve the request "site/error". in /home/wwwroot/yii-erik-admin/vendor/yiisoft/yii2/base/Module.php:543
Stack trace:
#0 /home/wwwroot/yii-erik-admin/vendor/yiisoft/yii2/web/ErrorHandler.php(109): yii\base\Module->runAction()
#1 /home/wwwroot/yii-erik-admin/vendor/yiisoft/yii2/base/ErrorHandler.php(135): yii\web\ErrorHandler->renderException()
#2 [internal function]: yii\base\ErrorHandler->handleException()
#3 {main}
Previous exception:
yii\base\InvalidRouteException: Unable to resolve the request "v1/admins". in /home/wwwroot/yii-erik-admin/vendor/yiisoft/yii2/base/Module.php:543
Stack trace:
#0 /home/wwwroot/yii-erik-admin/vendor/yiisoft/yii2/web/Application.php(104): yii\base\Module->runAction()
#1 /home/wwwroot/yii-erik-admin/vendor/yiisoft/yii2/base/Application.php(392): yii\web\Application->handleRequest()
#2 /home/wwwroot/yii-erik-admin/web/index.php(12): yii\base\Application->run()
#3 {m" while reading upstream, client: 127.0.0.1, server: y.com, request: "GET /v1/admins?page=1&limit=25 HTTP/1.1", upstream: "fastcgi://unix:/tmp/php-cgi.sock:", host: "127.0.0.1"
2021/02/22 21:40:11 [error] 929613#0: *882 FastCGI sent in stderr: "PHP message: An Error occurred while handling another error:
yii\base\InvalidRouteException: Unable to resolve the request "site/error". in /home/wwwroot/yii-erik-admin/vendor/yiisoft/yii2/base/Module.php:543
Stack trace:
#0 /home/wwwroot/yii-erik-admin/vendor/yiisoft/yii2/web/ErrorHandler.php(109): yii\base\Module->runAction()
#1 /home/wwwroot/yii-erik-admin/vendor/yiisoft/yii2/base/ErrorHandler.php(135): yii\web\ErrorHandler->renderException()
#2 [internal function]: yii\base\ErrorHandler->handleException()
#3 {main}
Previous exception:
yii\base\InvalidRouteException: Unable to resolve the request "v1/admins". in /home/wwwroot/yii-erik-admin/vendor/yiisoft/yii2/base/Module.php:543
Stack trace:
#0 /home/wwwroot/yii-erik-admin/vendor/yiisoft/yii2/web/Application.php(104): yii\base\Module->runAction()
#1 /home/wwwroot/yii-erik-admin/vendor/yiisoft/yii2/base/Application.php(392): yii\web\Application->handleRequest()
#2 /home/wwwroot/yii-erik-admin/web/index.php(12): yii\base\Application->run()
#3 {m" while reading upstream, client: 127.0.0.1, server: y.com, request: "GET /v1/admins?page=1&limit=25 HTTP/1.1", upstream: "fastcgi://unix:/tmp/php-cgi.sock:", host: "127.0.0.1"
2021/02/22 22:48:14 [error] 929613#0: *913 FastCGI sent in stderr: "PHP message: An Error occurred while handling another error:
yii\base\InvalidRouteException: Unable to resolve the request "site/error". in /home/wwwroot/yii-erik-admin/vendor/yiisoft/yii2/base/Module.php:543
Stack trace:
#0 /home/wwwroot/yii-erik-admin/vendor/yiisoft/yii2/web/ErrorHandler.php(109): yii\base\Module->runAction()
#1 /home/wwwroot/yii-erik-admin/vendor/yiisoft/yii2/base/ErrorHandler.php(135): yii\web\ErrorHandler->renderException()
#2 [internal function]: yii\base\ErrorHandler->handleException()
#3 {main}
Previous exception:
yii\web\MethodNotAllowedHttpException: Method Not Allowed. This URL can only handle the following request methods: POST. in /home/wwwroot/yii-erik-admin/vendor/yiisoft/yii2/filters/VerbFilter.php:105
Stack trace:
#0 [internal function]: yii\filters\VerbFilter->beforeAction()
#1 /home/wwwroot/yii-erik-admin/vendor/yiisoft/yii2/base/Component.php(628): call_user_func()
#2 /home/wwwroot/yii-erik-admin/vendor/yiisoft/yii2/base/Controller.php(300): yii\base\Component-" while reading upstream, client: 127.0.0.1, server: y.com, request: "DELETE /v1/admin/delete HTTP/1.1", upstream: "fastcgi://unix:/tmp/php-cgi.sock:", host: "127.0.0.1"
2021/02/22 22:48:59 [error] 929613#0: *913 FastCGI sent in stderr: "PHP message: An Error occurred while handling another error:
yii\base\InvalidRouteException: Unable to resolve the request "site/error". in /home/wwwroot/yii-erik-admin/vendor/yiisoft/yii2/base/Module.php:543
Stack trace:
#0 /home/wwwroot/yii-erik-admin/vendor/yiisoft/yii2/web/ErrorHandler.php(109): yii\base\Module->runAction()
#1 /home/wwwroot/yii-erik-admin/vendor/yiisoft/yii2/base/ErrorHandler.php(135): yii\web\ErrorHandler->renderException()
#2 [internal function]: yii\base\ErrorHandler->handleException()
#3 {main}
Previous exception:
yii\base\InvalidRouteException: Unable to resolve the request "v1/admin/delete/6769617854993006593". in /home/wwwroot/yii-erik-admin/vendor/yiisoft/yii2/base/Module.php:543
Stack trace:
#0 /home/wwwroot/yii-erik-admin/vendor/yiisoft/yii2/web/Application.php(104): yii\base\Module->runAction()
#1 /home/wwwroot/yii-erik-admin/vendor/yiisoft/yii2/base/Application.php(392): yii\web\Application->handleRequest()
#2 /home/wwwroot/yii-erik-admin/web/index.php(12): yii\bas" while reading upstream, client: 127.0.0.1, server: y.com, request: "DELETE /v1/admin/delete/6769617854993006593 HTTP/1.1", upstream: "fastcgi://unix:/tmp/php-cgi.sock:", host: "127.0.0.1"
2021/02/22 22:49:27 [error] 929613#0: *913 FastCGI sent in stderr: "PHP message: An Error occurred while handling another error:
yii\base\InvalidRouteException: Unable to resolve the request "site/error". in /home/wwwroot/yii-erik-admin/vendor/yiisoft/yii2/base/Module.php:543
Stack trace:
#0 /home/wwwroot/yii-erik-admin/vendor/yiisoft/yii2/web/ErrorHandler.php(109): yii\base\Module->runAction()
#1 /home/wwwroot/yii-erik-admin/vendor/yiisoft/yii2/base/ErrorHandler.php(135): yii\web\ErrorHandler->renderException()
#2 [internal function]: yii\base\ErrorHandler->handleException()
#3 {main}
Previous exception:
yii\base\InvalidRouteException: Unable to resolve the request "v1/admin/delete/6769617854993006593". in /home/wwwroot/yii-erik-admin/vendor/yiisoft/yii2/base/Module.php:543
Stack trace:
#0 /home/wwwroot/yii-erik-admin/vendor/yiisoft/yii2/web/Application.php(104): yii\base\Module->runAction()
#1 /home/wwwroot/yii-erik-admin/vendor/yiisoft/yii2/base/Application.php(392): yii\web\Application->handleRequest()
#2 /home/wwwroot/yii-erik-admin/web/index.php(12): yii\bas" while reading upstream, client: 127.0.0.1, server: y.com, request: "DELETE /v1/admin/delete/6769617854993006593 HTTP/1.1", upstream: "fastcgi://unix:/tmp/php-cgi.sock:", host: "127.0.0.1"
2021/02/22 22:55:34 [error] 929613#0: *917 FastCGI sent in stderr: "PHP message: An Error occurred while handling another error:
yii\base\InvalidRouteException: Unable to resolve the request "site/error". in /home/wwwroot/yii-erik-admin/vendor/yiisoft/yii2/base/Module.php:543
Stack trace:
#0 /home/wwwroot/yii-erik-admin/vendor/yiisoft/yii2/web/ErrorHandler.php(109): yii\base\Module->runAction()
#1 /home/wwwroot/yii-erik-admin/vendor/yiisoft/yii2/base/ErrorHandler.php(135): yii\web\ErrorHandler->renderException()
#2 [internal function]: yii\base\ErrorHandler->handleException()
#3 {main}
Previous exception:
yii\web\MethodNotAllowedHttpException: Method Not Allowed. This URL can only handle the following request methods: POST. in /home/wwwroot/yii-erik-admin/vendor/yiisoft/yii2/filters/VerbFilter.php:105
Stack trace:
#0 [internal function]: yii\filters\VerbFilter->beforeAction()
#1 /home/wwwroot/yii-erik-admin/vendor/yiisoft/yii2/base/Component.php(628): call_user_func()
#2 /home/wwwroot/yii-erik-admin/vendor/yiisoft/yii2/base/Controller.php(300): yii\base\Component-" while reading upstream, client: 127.0.0.1, server: y.com, request: "DELETE /v1/admin/delete HTTP/1.1", upstream: "fastcgi://unix:/tmp/php-cgi.sock:", host: "127.0.0.1"
2021/02/22 22:56:08 [error] 929613#0: *917 FastCGI sent in stderr: "PHP message: An Error occurred while handling another error:
yii\base\InvalidRouteException: Unable to resolve the request "site/error". in /home/wwwroot/yii-erik-admin/vendor/yiisoft/yii2/base/Module.php:543
Stack trace:
#0 /home/wwwroot/yii-erik-admin/vendor/yiisoft/yii2/web/ErrorHandler.php(109): yii\base\Module->runAction()
#1 /home/wwwroot/yii-erik-admin/vendor/yiisoft/yii2/base/ErrorHandler.php(135): yii\web\ErrorHandler->renderException()
#2 [internal function]: yii\base\ErrorHandler->handleException()
#3 {main}
Previous exception:
yii\web\MethodNotAllowedHttpException: Method Not Allowed. This URL can only handle the following request methods: POST. in /home/wwwroot/yii-erik-admin/vendor/yiisoft/yii2/filters/VerbFilter.php:105
Stack trace:
#0 [internal function]: yii\filters\VerbFilter->beforeAction()
#1 /home/wwwroot/yii-erik-admin/vendor/yiisoft/yii2/base/Component.php(628): call_user_func()
#2 /home/wwwroot/yii-erik-admin/vendor/yiisoft/yii2/base/Controller.php(300): yii\base\Component-" while reading upstream, client: 127.0.0.1, server: y.com, request: "DELETE /v1/admin/delete HTTP/1.1", upstream: "fastcgi://unix:/tmp/php-cgi.sock:", host: "127.0.0.1"
2021/02/22 22:56:34 [error] 929613#0: *917 FastCGI sent in stderr: "PHP message: An Error occurred while handling another error:
yii\base\InvalidRouteException: Unable to resolve the request "site/error". in /home/wwwroot/yii-erik-admin/vendor/yiisoft/yii2/base/Module.php:543
Stack trace:
#0 /home/wwwroot/yii-erik-admin/vendor/yiisoft/yii2/web/ErrorHandler.php(109): yii\base\Module->runAction()
#1 /home/wwwroot/yii-erik-admin/vendor/yiisoft/yii2/base/ErrorHandler.php(135): yii\web\ErrorHandler->renderException()
#2 [internal function]: yii\base\ErrorHandler->handleException()
#3 {main}
Previous exception:
yii\web\MethodNotAllowedHttpException: Method Not Allowed. This URL can only handle the following request methods: POST. in /home/wwwroot/yii-erik-admin/vendor/yiisoft/yii2/filters/VerbFilter.php:105
Stack trace:
#0 [internal function]: yii\filters\VerbFilter->beforeAction()
#1 /home/wwwroot/yii-erik-admin/vendor/yiisoft/yii2/base/Component.php(628): call_user_func()
#2 /home/wwwroot/yii-erik-admin/vendor/yiisoft/yii2/base/Controller.php(300): yii\base\Component-" while reading upstream, client: 127.0.0.1, server: y.com, request: "DELETE /v1/admin/delete HTTP/1.1", upstream: "fastcgi://unix:/tmp/php-cgi.sock:", host: "127.0.0.1"
2021/02/22 22:56:57 [error] 929613#0: *917 FastCGI sent in stderr: "PHP message: An Error occurred while handling another error:
yii\base\InvalidRouteException: Unable to resolve the request "site/error". in /home/wwwroot/yii-erik-admin/vendor/yiisoft/yii2/base/Module.php:543
Stack trace:
#0 /home/wwwroot/yii-erik-admin/vendor/yiisoft/yii2/web/ErrorHandler.php(109): yii\base\Module->runAction()
#1 /home/wwwroot/yii-erik-admin/vendor/yiisoft/yii2/base/ErrorHandler.php(135): yii\web\ErrorHandler->renderException()
#2 [internal function]: yii\base\ErrorHandler->handleException()
#3 {main}
Previous exception:
yii\web\MethodNotAllowedHttpException: Method Not Allowed. This URL can only handle the following request methods: POST. in /home/wwwroot/yii-erik-admin/vendor/yiisoft/yii2/filters/VerbFilter.php:105
Stack trace:
#0 [internal function]: yii\filters\VerbFilter->beforeAction()
#1 /home/wwwroot/yii-erik-admin/vendor/yiisoft/yii2/base/Component.php(628): call_user_func()
#2 /home/wwwroot/yii-erik-admin/vendor/yiisoft/yii2/base/Controller.php(300): yii\base\Component-" while reading upstream, client: 127.0.0.1, server: y.com, request: "DELETE /v1/admin/delete HTTP/1.1", upstream: "fastcgi://unix:/tmp/php-cgi.sock:", host: "127.0.0.1"
2021/02/22 22:57:20 [error] 929613#0: *917 FastCGI sent in stderr: "PHP message: An Error occurred while handling another error:
yii\base\InvalidRouteException: Unable to resolve the request "site/error". in /home/wwwroot/yii-erik-admin/vendor/yiisoft/yii2/base/Module.php:543
Stack trace:
#0 /home/wwwroot/yii-erik-admin/vendor/yiisoft/yii2/web/ErrorHandler.php(109): yii\base\Module->runAction()
#1 /home/wwwroot/yii-erik-admin/vendor/yiisoft/yii2/base/ErrorHandler.php(135): yii\web\ErrorHandler->renderException()
#2 [internal function]: yii\base\ErrorHandler->handleException()
#3 {main}
Previous exception:
yii\web\MethodNotAllowedHttpException: Method Not Allowed. This URL can only handle the following request methods: POST. in /home/wwwroot/yii-erik-admin/vendor/yiisoft/yii2/filters/VerbFilter.php:105
Stack trace:
#0 [internal function]: yii\filters\VerbFilter->beforeAction()
#1 /home/wwwroot/yii-erik-admin/vendor/yiisoft/yii2/base/Component.php(628): call_user_func()
#2 /home/wwwroot/yii-erik-admin/vendor/yiisoft/yii2/base/Controller.php(300): yii\base\Component-" while reading upstream, client: 127.0.0.1, server: y.com, request: "DELETE /v1/admin/delete HTTP/1.1", upstream: "fastcgi://unix:/tmp/php-cgi.sock:", host: "127.0.0.1"
2021/02/22 22:57:49 [error] 929613#0: *917 FastCGI sent in stderr: "PHP message: An Error occurred while handling another error:
yii\base\InvalidRouteException: Unable to resolve the request "site/error". in /home/wwwroot/yii-erik-admin/vendor/yiisoft/yii2/base/Module.php:543
Stack trace:
#0 /home/wwwroot/yii-erik-admin/vendor/yiisoft/yii2/web/ErrorHandler.php(109): yii\base\Module->runAction()
#1 /home/wwwroot/yii-erik-admin/vendor/yiisoft/yii2/base/ErrorHandler.php(135): yii\web\ErrorHandler->renderException()
#2 [internal function]: yii\base\ErrorHandler->handleException()
#3 {main}
Previous exception:
yii\web\MethodNotAllowedHttpException: Method Not Allowed. This URL can only handle the following request methods: POST. in /home/wwwroot/yii-erik-admin/vendor/yiisoft/yii2/filters/VerbFilter.php:105
Stack trace:
#0 [internal function]: yii\filters\VerbFilter->beforeAction()
#1 /home/wwwroot/yii-erik-admin/vendor/yiisoft/yii2/base/Component.php(628): call_user_func()
#2 /home/wwwroot/yii-erik-admin/vendor/yiisoft/yii2/base/Controller.php(300): yii\base\Component-" while reading upstream, client: 127.0.0.1, server: y.com, request: "DELETE /v1/admin/delete HTTP/1.1", upstream: "fastcgi://unix:/tmp/php-cgi.sock:", host: "127.0.0.1"
2021/02/23 22:01:09 [error] 929613#0: *966 FastCGI sent in stderr: "PHP message: An Error occurred while handling another error:
yii\base\InvalidRouteException: Unable to resolve the request "site/error". in /home/wwwroot/yii-erik-admin/vendor/yiisoft/yii2/base/Module.php:543
Stack trace:
#0 /home/wwwroot/yii-erik-admin/vendor/yiisoft/yii2/web/ErrorHandler.php(109): yii\base\Module->runAction()
#1 /home/wwwroot/yii-erik-admin/vendor/yiisoft/yii2/base/ErrorHandler.php(135): yii\web\ErrorHandler->renderException()
#2 [internal function]: yii\base\ErrorHandler->handleException()
#3 {main}
Previous exception:
yii\web\NotFoundHttpException: 页面未找到。 in /home/wwwroot/yii-erik-admin/vendor/yiisoft/yii2/web/Request.php:290
Stack trace:
#0 /home/wwwroot/yii-erik-admin/vendor/yiisoft/yii2/web/Application.php(83): yii\web\Request->resolve()
#1 /home/wwwroot/yii-erik-admin/vendor/yiisoft/yii2/base/Application.php(392): yii\web\Application->handleRequest()
#2 /home/wwwroot/yii-erik-admin/web/index.php(12): yii\base\Application->run()
#3 {main}
$_SERVER = [
    'USER'" while reading upstream, client: 127.0.0.1, server: y.com, request: "GET /v1/admin?page=1&limit=25 HTTP/1.1", upstream: "fastcgi://unix:/tmp/php-cgi.sock:", host: "127.0.0.1"
2021/02/23 22:01:27 [error] 929613#0: *966 FastCGI sent in stderr: "PHP message: An Error occurred while handling another error:
yii\base\InvalidRouteException: Unable to resolve the request "site/error". in /home/wwwroot/yii-erik-admin/vendor/yiisoft/yii2/base/Module.php:543
Stack trace:
#0 /home/wwwroot/yii-erik-admin/vendor/yiisoft/yii2/web/ErrorHandler.php(109): yii\base\Module->runAction()
#1 /home/wwwroot/yii-erik-admin/vendor/yiisoft/yii2/base/ErrorHandler.php(135): yii\web\ErrorHandler->renderException()
#2 [internal function]: yii\base\ErrorHandler->handleException()
#3 {main}
Previous exception:
yii\web\NotFoundHttpException: 页面未找到。 in /home/wwwroot/yii-erik-admin/vendor/yiisoft/yii2/web/Request.php:290
Stack trace:
#0 /home/wwwroot/yii-erik-admin/vendor/yiisoft/yii2/web/Application.php(83): yii\web\Request->resolve()
#1 /home/wwwroot/yii-erik-admin/vendor/yiisoft/yii2/base/Application.php(392): yii\web\Application->handleRequest()
#2 /home/wwwroot/yii-erik-admin/web/index.php(12): yii\base\Application->run()
#3 {main}
$_SERVER = [
    'USER'" while reading upstream, client: 127.0.0.1, server: y.com, request: "GET /v1/admin?page=1&limit=25 HTTP/1.1", upstream: "fastcgi://unix:/tmp/php-cgi.sock:", host: "127.0.0.1"
2021/02/23 22:02:55 [error] 929613#0: *969 FastCGI sent in stderr: "PHP message: An Error occurred while handling another error:
yii\base\InvalidRouteException: Unable to resolve the request "site/error". in /home/wwwroot/yii-erik-admin/vendor/yiisoft/yii2/base/Module.php:543
Stack trace:
#0 /home/wwwroot/yii-erik-admin/vendor/yiisoft/yii2/web/ErrorHandler.php(109): yii\base\Module->runAction()
#1 /home/wwwroot/yii-erik-admin/vendor/yiisoft/yii2/base/ErrorHandler.php(135): yii\web\ErrorHandler->renderException()
#2 [internal function]: yii\base\ErrorHandler->handleException()
#3 {main}
Previous exception:
yii\web\NotFoundHttpException: 页面未找到。 in /home/wwwroot/yii-erik-admin/vendor/yiisoft/yii2/web/Request.php:290
Stack trace:
#0 /home/wwwroot/yii-erik-admin/vendor/yiisoft/yii2/web/Application.php(83): yii\web\Request->resolve()
#1 /home/wwwroot/yii-erik-admin/vendor/yiisoft/yii2/base/Application.php(392): yii\web\Application->handleRequest()
#2 /home/wwwroot/yii-erik-admin/web/index.php(12): yii\base\Application->run()
#3 {main}
$_SERVER = [
    'USER'" while reading upstream, client: 127.0.0.1, server: y.com, request: "GET /v1/admin/index?page=1&limit=25 HTTP/1.1", upstream: "fastcgi://unix:/tmp/php-cgi.sock:", host: "127.0.0.1"
2021/02/23 22:04:51 [error] 929613#0: *971 FastCGI sent in stderr: "PHP message: An Error occurred while handling another error:
yii\base\InvalidRouteException: Unable to resolve the request "site/error". in /home/wwwroot/yii-erik-admin/vendor/yiisoft/yii2/base/Module.php:543
Stack trace:
#0 /home/wwwroot/yii-erik-admin/vendor/yiisoft/yii2/web/ErrorHandler.php(109): yii\base\Module->runAction()
#1 /home/wwwroot/yii-erik-admin/vendor/yiisoft/yii2/base/ErrorHandler.php(135): yii\web\ErrorHandler->renderException()
#2 [internal function]: yii\base\ErrorHandler->handleException()
#3 {main}
Previous exception:
yii\web\NotFoundHttpException: 页面未找到。 in /home/wwwroot/yii-erik-admin/vendor/yiisoft/yii2/web/Request.php:290
Stack trace:
#0 /home/wwwroot/yii-erik-admin/vendor/yiisoft/yii2/web/Application.php(83): yii\web\Request->resolve()
#1 /home/wwwroot/yii-erik-admin/vendor/yiisoft/yii2/base/Application.php(392): yii\web\Application->handleRequest()
#2 /home/wwwroot/yii-erik-admin/web/index.php(12): yii\base\Application->run()
#3 {main}
$_SERVER = [
    'USER'" while reading upstream, client: 127.0.0.1, server: y.com, request: "GET /v1/admins?page=1&limit=25 HTTP/1.1", upstream: "fastcgi://unix:/tmp/php-cgi.sock:", host: "127.0.0.1"
2021/02/23 22:07:24 [error] 929613#0: *975 FastCGI sent in stderr: "PHP message: An Error occurred while handling another error:
yii\base\InvalidRouteException: Unable to resolve the request "site/error". in /home/wwwroot/yii-erik-admin/vendor/yiisoft/yii2/base/Module.php:543
Stack trace:
#0 /home/wwwroot/yii-erik-admin/vendor/yiisoft/yii2/web/ErrorHandler.php(109): yii\base\Module->runAction()
#1 /home/wwwroot/yii-erik-admin/vendor/yiisoft/yii2/base/ErrorHandler.php(135): yii\web\ErrorHandler->renderException()
#2 [internal function]: yii\base\ErrorHandler->handleException()
#3 {main}
Previous exception:
yii\web\NotFoundHttpException: 页面未找到。 in /home/wwwroot/yii-erik-admin/vendor/yiisoft/yii2/web/Request.php:290
Stack trace:
#0 /home/wwwroot/yii-erik-admin/vendor/yiisoft/yii2/web/Application.php(83): yii\web\Request->resolve()
#1 /home/wwwroot/yii-erik-admin/vendor/yiisoft/yii2/base/Application.php(392): yii\web\Application->handleRequest()
#2 /home/wwwroot/yii-erik-admin/web/index.php(12): yii\base\Application->run()
#3 {main}
$_SERVER = [
    'USER'" while reading upstream, client: 127.0.0.1, server: y.com, request: "GET /v1/admin?page=1&limit=25 HTTP/1.1", upstream: "fastcgi://unix:/tmp/php-cgi.sock:", host: "127.0.0.1"
2021/02/23 22:10:59 [error] 929613#0: *977 FastCGI sent in stderr: "PHP message: An Error occurred while handling another error:
yii\base\InvalidRouteException: Unable to resolve the request "site/error". in /home/wwwroot/yii-erik-admin/vendor/yiisoft/yii2/base/Module.php:543
Stack trace:
#0 /home/wwwroot/yii-erik-admin/vendor/yiisoft/yii2/web/ErrorHandler.php(109): yii\base\Module->runAction()
#1 /home/wwwroot/yii-erik-admin/vendor/yiisoft/yii2/base/ErrorHandler.php(135): yii\web\ErrorHandler->renderException()
#2 [internal function]: yii\base\ErrorHandler->handleException()
#3 {main}
Previous exception:
yii\web\NotFoundHttpException: 页面未找到。 in /home/wwwroot/yii-erik-admin/vendor/yiisoft/yii2/web/Request.php:290
Stack trace:
#0 /home/wwwroot/yii-erik-admin/vendor/yiisoft/yii2/web/Application.php(83): yii\web\Request->resolve()
#1 /home/wwwroot/yii-erik-admin/vendor/yiisoft/yii2/base/Application.php(392): yii\web\Application->handleRequest()
#2 /home/wwwroot/yii-erik-admin/web/index.php(12): yii\base\Application->run()
#3 {main}
$_SERVER = [
    'USER'" while reading upstream, client: 127.0.0.1, server: y.com, request: "GET /v1/admins?page=1&limit=25 HTTP/1.1", upstream: "fastcgi://unix:/tmp/php-cgi.sock:", host: "127.0.0.1"
2021/02/23 22:11:07 [error] 929613#0: *977 FastCGI sent in stderr: "PHP message: An Error occurred while handling another error:
yii\base\InvalidRouteException: Unable to resolve the request "site/error". in /home/wwwroot/yii-erik-admin/vendor/yiisoft/yii2/base/Module.php:543
Stack trace:
#0 /home/wwwroot/yii-erik-admin/vendor/yiisoft/yii2/web/ErrorHandler.php(109): yii\base\Module->runAction()
#1 /home/wwwroot/yii-erik-admin/vendor/yiisoft/yii2/base/ErrorHandler.php(135): yii\web\ErrorHandler->renderException()
#2 [internal function]: yii\base\ErrorHandler->handleException()
#3 {main}
Previous exception:
yii\web\NotFoundHttpException: 页面未找到。 in /home/wwwroot/yii-erik-admin/vendor/yiisoft/yii2/web/Request.php:290
Stack trace:
#0 /home/wwwroot/yii-erik-admin/vendor/yiisoft/yii2/web/Application.php(83): yii\web\Request->resolve()
#1 /home/wwwroot/yii-erik-admin/vendor/yiisoft/yii2/base/Application.php(392): yii\web\Application->handleRequest()
#2 /home/wwwroot/yii-erik-admin/web/index.php(12): yii\base\Application->run()
#3 {main}
$_SERVER = [
    'USER'" while reading upstream, client: 127.0.0.1, server: y.com, request: "GET /v1/admin?page=1&limit=25 HTTP/1.1", upstream: "fastcgi://unix:/tmp/php-cgi.sock:", host: "127.0.0.1"
2021/02/23 22:11:19 [error] 929613#0: *977 FastCGI sent in stderr: "PHP message: An Error occurred while handling another error:
yii\base\InvalidRouteException: Unable to resolve the request "site/error". in /home/wwwroot/yii-erik-admin/vendor/yiisoft/yii2/base/Module.php:543
Stack trace:
#0 /home/wwwroot/yii-erik-admin/vendor/yiisoft/yii2/web/ErrorHandler.php(109): yii\base\Module->runAction()
#1 /home/wwwroot/yii-erik-admin/vendor/yiisoft/yii2/base/ErrorHandler.php(135): yii\web\ErrorHandler->renderException()
#2 [internal function]: yii\base\ErrorHandler->handleException()
#3 {main}
Previous exception:
yii\web\NotFoundHttpException: 页面未找到。 in /home/wwwroot/yii-erik-admin/vendor/yiisoft/yii2/web/Request.php:290
Stack trace:
#0 /home/wwwroot/yii-erik-admin/vendor/yiisoft/yii2/web/Application.php(83): yii\web\Request->resolve()
#1 /home/wwwroot/yii-erik-admin/vendor/yiisoft/yii2/base/Application.php(392): yii\web\Application->handleRequest()
#2 /home/wwwroot/yii-erik-admin/web/index.php(12): yii\base\Application->run()
#3 {main}
$_SERVER = [
    'USER'" while reading upstream, client: 127.0.0.1, server: y.com, request: "GET /v1/admin/index?page=1&limit=25 HTTP/1.1", upstream: "fastcgi://unix:/tmp/php-cgi.sock:", host: "127.0.0.1"
2021/02/23 22:18:49 [error] 929613#0: *981 FastCGI sent in stderr: "PHP message: An Error occurred while handling another error:
yii\base\InvalidRouteException: Unable to resolve the request "site/error". in /home/wwwroot/yii-erik-admin/vendor/yiisoft/yii2/base/Module.php:543
Stack trace:
#0 /home/wwwroot/yii-erik-admin/vendor/yiisoft/yii2/web/ErrorHandler.php(109): yii\base\Module->runAction()
#1 /home/wwwroot/yii-erik-admin/vendor/yiisoft/yii2/base/ErrorHandler.php(135): yii\web\ErrorHandler->renderException()
#2 [internal function]: yii\base\ErrorHandler->handleException()
#3 {main}
Previous exception:
yii\web\NotFoundHttpException: The requested page does not exist. in /home/wwwroot/yii-erik-admin/modules/v1/controllers/AdminController.php:144
Stack trace:
#0 /home/wwwroot/yii-erik-admin/modules/v1/controllers/AdminController.php(121): app\modules\v1\controllers\AdminController->findModel()
#1 [internal function]: app\modules\v1\controllers\AdminController->actionResetPassword()
#2 /home/wwwroot/yii-erik-admin/vendor/yiisoft/yii2/base/InlineAction.php(57): cal" while reading upstream, client: 127.0.0.1, server: y.com, request: "GET /v1/admin/reset-password?id=&password= HTTP/1.1", upstream: "fastcgi://unix:/tmp/php-cgi.sock:", host: "127.0.0.1"
2021/02/23 22:18:52 [error] 929613#0: *981 FastCGI sent in stderr: "PHP message: An Error occurred while handling another error:
yii\base\InvalidRouteException: Unable to resolve the request "site/error". in /home/wwwroot/yii-erik-admin/vendor/yiisoft/yii2/base/Module.php:543
Stack trace:
#0 /home/wwwroot/yii-erik-admin/vendor/yiisoft/yii2/web/ErrorHandler.php(109): yii\base\Module->runAction()
#1 /home/wwwroot/yii-erik-admin/vendor/yiisoft/yii2/base/ErrorHandler.php(135): yii\web\ErrorHandler->renderException()
#2 [internal function]: yii\base\ErrorHandler->handleException()
#3 {main}
Previous exception:
yii\web\NotFoundHttpException: The requested page does not exist. in /home/wwwroot/yii-erik-admin/modules/v1/controllers/AdminController.php:144
Stack trace:
#0 /home/wwwroot/yii-erik-admin/modules/v1/controllers/AdminController.php(121): app\modules\v1\controllers\AdminController->findModel()
#1 [internal function]: app\modules\v1\controllers\AdminController->actionResetPassword()
#2 /home/wwwroot/yii-erik-admin/vendor/yiisoft/yii2/base/InlineAction.php(57): cal" while reading upstream, client: 127.0.0.1, server: y.com, request: "GET /v1/admin/reset-password?id=&password= HTTP/1.1", upstream: "fastcgi://unix:/tmp/php-cgi.sock:", host: "127.0.0.1"
2021/02/23 22:19:02 [error] 929613#0: *981 FastCGI sent in stderr: "PHP message: An Error occurred while handling another error:
yii\base\InvalidRouteException: Unable to resolve the request "site/error". in /home/wwwroot/yii-erik-admin/vendor/yiisoft/yii2/base/Module.php:543
Stack trace:
#0 /home/wwwroot/yii-erik-admin/vendor/yiisoft/yii2/web/ErrorHandler.php(109): yii\base\Module->runAction()
#1 /home/wwwroot/yii-erik-admin/vendor/yiisoft/yii2/base/ErrorHandler.php(135): yii\web\ErrorHandler->renderException()
#2 [internal function]: yii\base\ErrorHandler->handleException()
#3 {main}
Previous exception:
yii\web\NotFoundHttpException: The requested page does not exist. in /home/wwwroot/yii-erik-admin/modules/v1/controllers/AdminController.php:144
Stack trace:
#0 /home/wwwroot/yii-erik-admin/modules/v1/controllers/AdminController.php(121): app\modules\v1\controllers\AdminController->findModel()
#1 [internal function]: app\modules\v1\controllers\AdminController->actionResetPassword()
#2 /home/wwwroot/yii-erik-admin/vendor/yiisoft/yii2/base/InlineAction.php(57): cal" while reading upstream, client: 127.0.0.1, server: y.com, request: "GET /v1/admin/reset-password?id=&password= HTTP/1.1", upstream: "fastcgi://unix:/tmp/php-cgi.sock:", host: "127.0.0.1"
2021/02/23 22:19:12 [error] 929613#0: *981 FastCGI sent in stderr: "PHP message: An Error occurred while handling another error:
yii\base\InvalidRouteException: Unable to resolve the request "site/error". in /home/wwwroot/yii-erik-admin/vendor/yiisoft/yii2/base/Module.php:543
Stack trace:
#0 /home/wwwroot/yii-erik-admin/vendor/yiisoft/yii2/web/ErrorHandler.php(109): yii\base\Module->runAction()
#1 /home/wwwroot/yii-erik-admin/vendor/yiisoft/yii2/base/ErrorHandler.php(135): yii\web\ErrorHandler->renderException()
#2 [internal function]: yii\base\ErrorHandler->handleException()
#3 {main}
Previous exception:
yii\web\NotFoundHttpException: The requested page does not exist. in /home/wwwroot/yii-erik-admin/modules/v1/controllers/AdminController.php:144
Stack trace:
#0 /home/wwwroot/yii-erik-admin/modules/v1/controllers/AdminController.php(121): app\modules\v1\controllers\AdminController->findModel()
#1 [internal function]: app\modules\v1\controllers\AdminController->actionResetPassword()
#2 /home/wwwroot/yii-erik-admin/vendor/yiisoft/yii2/base/InlineAction.php(57): cal" while reading upstream, client: 127.0.0.1, server: y.com, request: "GET /v1/admin/reset-password?id=&password= HTTP/1.1", upstream: "fastcgi://unix:/tmp/php-cgi.sock:", host: "127.0.0.1"
2021/02/23 22:19:45 [error] 929613#0: *981 FastCGI sent in stderr: "PHP message: An Error occurred while handling another error:
yii\base\InvalidRouteException: Unable to resolve the request "site/error". in /home/wwwroot/yii-erik-admin/vendor/yiisoft/yii2/base/Module.php:543
Stack trace:
#0 /home/wwwroot/yii-erik-admin/vendor/yiisoft/yii2/web/ErrorHandler.php(109): yii\base\Module->runAction()
#1 /home/wwwroot/yii-erik-admin/vendor/yiisoft/yii2/base/ErrorHandler.php(135): yii\web\ErrorHandler->renderException()
#2 [internal function]: yii\base\ErrorHandler->handleException()
#3 {main}
Previous exception:
yii\web\NotFoundHttpException: The requested page does not exist. in /home/wwwroot/yii-erik-admin/modules/v1/controllers/AdminController.php:144
Stack trace:
#0 /home/wwwroot/yii-erik-admin/modules/v1/controllers/AdminController.php(121): app\modules\v1\controllers\AdminController->findModel()
#1 [internal function]: app\modules\v1\controllers\AdminController->actionResetPassword()
#2 /home/wwwroot/yii-erik-admin/vendor/yiisoft/yii2/base/InlineAction.php(57): cal" while reading upstream, client: 127.0.0.1, server: y.com, request: "GET /v1/admin/reset-password?id=&password= HTTP/1.1", upstream: "fastcgi://unix:/tmp/php-cgi.sock:", host: "127.0.0.1"
2021/02/24 21:41:22 [error] 929613#0: *1143 FastCGI sent in stderr: "PHP message: An Error occurred while handling another error:
yii\base\InvalidRouteException: Unable to resolve the request "site/error". in /home/wwwroot/yii-erik-admin/vendor/yiisoft/yii2/base/Module.php:543
Stack trace:
#0 /home/wwwroot/yii-erik-admin/vendor/yiisoft/yii2/web/ErrorHandler.php(109): yii\base\Module->runAction()
#1 /home/wwwroot/yii-erik-admin/vendor/yiisoft/yii2/base/ErrorHandler.php(135): yii\web\ErrorHandler->renderException()
#2 [internal function]: yii\base\ErrorHandler->handleException()
#3 {main}
Previous exception:
yii\base\InvalidRouteException: Unable to resolve the request "v1/admin/update/6769995099733491713". in /home/wwwroot/yii-erik-admin/vendor/yiisoft/yii2/base/Module.php:543
Stack trace:
#0 /home/wwwroot/yii-erik-admin/vendor/yiisoft/yii2/web/Application.php(104): yii\base\Module->runAction()
#1 /home/wwwroot/yii-erik-admin/vendor/yiisoft/yii2/base/Application.php(392): yii\web\Application->handleRequest()
#2 /home/wwwroot/yii-erik-admin/web/index.php(12): yii\bas" while reading upstream, client: 127.0.0.1, server: y.com, request: "PUT /v1/admin/update/6769995099733491713 HTTP/1.1", upstream: "fastcgi://unix:/tmp/php-cgi.sock:", host: "127.0.0.1"
2021/02/24 21:43:13 [error] 929613#0: *1145 FastCGI sent in stderr: "PHP message: An Error occurred while handling another error:
yii\base\InvalidRouteException: Unable to resolve the request "site/error". in /home/wwwroot/yii-erik-admin/vendor/yiisoft/yii2/base/Module.php:543
Stack trace:
#0 /home/wwwroot/yii-erik-admin/vendor/yiisoft/yii2/web/ErrorHandler.php(109): yii\base\Module->runAction()
#1 /home/wwwroot/yii-erik-admin/vendor/yiisoft/yii2/base/ErrorHandler.php(135): yii\web\ErrorHandler->renderException()
#2 [internal function]: yii\base\ErrorHandler->handleException()
#3 {main}
Previous exception:
yii\base\InvalidRouteException: Unable to resolve the request "v1/admin/update/6769995099733491713". in /home/wwwroot/yii-erik-admin/vendor/yiisoft/yii2/base/Module.php:543
Stack trace:
#0 /home/wwwroot/yii-erik-admin/vendor/yiisoft/yii2/web/Application.php(104): yii\base\Module->runAction()
#1 /home/wwwroot/yii-erik-admin/vendor/yiisoft/yii2/base/Application.php(392): yii\web\Application->handleRequest()
#2 /home/wwwroot/yii-erik-admin/web/index.php(12): yii\bas" while reading upstream, client: 127.0.0.1, server: y.com, request: "PATCH /v1/admin/update/6769995099733491713 HTTP/1.1", upstream: "fastcgi://unix:/tmp/php-cgi.sock:", host: "127.0.0.1"
2021/02/24 21:44:09 [error] 929613#0: *1145 FastCGI sent in stderr: "PHP message: An Error occurred while handling another error:
yii\base\InvalidRouteException: Unable to resolve the request "site/error". in /home/wwwroot/yii-erik-admin/vendor/yiisoft/yii2/base/Module.php:543
Stack trace:
#0 /home/wwwroot/yii-erik-admin/vendor/yiisoft/yii2/web/ErrorHandler.php(109): yii\base\Module->runAction()
#1 /home/wwwroot/yii-erik-admin/vendor/yiisoft/yii2/base/ErrorHandler.php(135): yii\web\ErrorHandler->renderException()
#2 [internal function]: yii\base\ErrorHandler->handleException()
#3 {main}
Previous exception:
yii\base\InvalidRouteException: Unable to resolve the request: v1/admin/6769995099733491713 in /home/wwwroot/yii-erik-admin/vendor/yiisoft/yii2/base/Controller.php:152
Stack trace:
#0 /home/wwwroot/yii-erik-admin/vendor/yiisoft/yii2/base/Module.php(534): yii\base\Controller->runAction()
#1 /home/wwwroot/yii-erik-admin/vendor/yiisoft/yii2/web/Application.php(104): yii\base\Module->runAction()
#2 /home/wwwroot/yii-erik-admin/vendor/yiisoft/yii2/base/Application.php" while reading upstream, client: 127.0.0.1, server: y.com, request: "PUT /v1/admin/6769995099733491713 HTTP/1.1", upstream: "fastcgi://unix:/tmp/php-cgi.sock:", host: "127.0.0.1"
2021/02/24 21:44:24 [error] 929613#0: *1145 FastCGI sent in stderr: "PHP message: An Error occurred while handling another error:
yii\base\InvalidRouteException: Unable to resolve the request "site/error". in /home/wwwroot/yii-erik-admin/vendor/yiisoft/yii2/base/Module.php:543
Stack trace:
#0 /home/wwwroot/yii-erik-admin/vendor/yiisoft/yii2/web/ErrorHandler.php(109): yii\base\Module->runAction()
#1 /home/wwwroot/yii-erik-admin/vendor/yiisoft/yii2/base/ErrorHandler.php(135): yii\web\ErrorHandler->renderException()
#2 [internal function]: yii\base\ErrorHandler->handleException()
#3 {main}
Previous exception:
yii\base\InvalidRouteException: Unable to resolve the request "v1/admins/6769995099733491713". in /home/wwwroot/yii-erik-admin/vendor/yiisoft/yii2/base/Module.php:543
Stack trace:
#0 /home/wwwroot/yii-erik-admin/vendor/yiisoft/yii2/web/Application.php(104): yii\base\Module->runAction()
#1 /home/wwwroot/yii-erik-admin/vendor/yiisoft/yii2/base/Application.php(392): yii\web\Application->handleRequest()
#2 /home/wwwroot/yii-erik-admin/web/index.php(12): yii\base\Appl" while reading upstream, client: 127.0.0.1, server: y.com, request: "PUT /v1/admins/6769995099733491713 HTTP/1.1", upstream: "fastcgi://unix:/tmp/php-cgi.sock:", host: "127.0.0.1"
2021/02/24 21:45:32 [error] 929613#0: *1149 FastCGI sent in stderr: "PHP message: An Error occurred while handling another error:
yii\base\InvalidRouteException: Unable to resolve the request "site/error". in /home/wwwroot/yii-erik-admin/vendor/yiisoft/yii2/base/Module.php:543
Stack trace:
#0 /home/wwwroot/yii-erik-admin/vendor/yiisoft/yii2/web/ErrorHandler.php(109): yii\base\Module->runAction()
#1 /home/wwwroot/yii-erik-admin/vendor/yiisoft/yii2/base/ErrorHandler.php(135): yii\web\ErrorHandler->renderException()
#2 [internal function]: yii\base\ErrorHandler->handleException()
#3 {main}
Previous exception:
yii\web\BadRequestHttpException: 缺少参数：id in /home/wwwroot/yii-erik-admin/vendor/yiisoft/yii2/web/Controller.php:187
Stack trace:
#0 /home/wwwroot/yii-erik-admin/vendor/yiisoft/yii2/base/InlineAction.php(51): yii\web\Controller->bindActionParams()
#1 /home/wwwroot/yii-erik-admin/vendor/yiisoft/yii2/base/Controller.php(181): yii\base\InlineAction->runWithParams()
#2 /home/wwwroot/yii-erik-admin/vendor/yiisoft/yii2/base/Module.php(534): yii\base\Controller" while reading upstream, client: 127.0.0.1, server: y.com, request: "PUT /v1/admin/update HTTP/1.1", upstream: "fastcgi://unix:/tmp/php-cgi.sock:", host: "127.0.0.1"
2021/03/02 21:57:26 [error] 929613#0: *1441 FastCGI sent in stderr: "PHP message: An Error occurred while handling another error:
yii\base\InvalidRouteException: Unable to resolve the request "site/error". in /home/wwwroot/yii-erik-admin/vendor/yiisoft/yii2/base/Module.php:543
Stack trace:
#0 /home/wwwroot/yii-erik-admin/vendor/yiisoft/yii2/web/ErrorHandler.php(109): yii\base\Module->runAction()
#1 /home/wwwroot/yii-erik-admin/vendor/yiisoft/yii2/base/ErrorHandler.php(135): yii\web\ErrorHandler->renderException()
#2 [internal function]: yii\base\ErrorHandler->handleException()
#3 {main}
Previous exception:
yii\web\NotFoundHttpException: 页面未找到。 in /home/wwwroot/yii-erik-admin/vendor/yiisoft/yii2/web/Request.php:290
Stack trace:
#0 /home/wwwroot/yii-erik-admin/vendor/yiisoft/yii2/web/Application.php(83): yii\web\Request->resolve()
#1 /home/wwwroot/yii-erik-admin/vendor/yiisoft/yii2/base/Application.php(392): yii\web\Application->handleRequest()
#2 /home/wwwroot/yii-erik-admin/web/index.php(12): yii\base\Application->run()
#3 {main}
$_SERVER = [
    'USER'" while reading upstream, client: 127.0.0.1, server: y.com, request: "GET /v1/admin?page=1&limit=25 HTTP/1.1", upstream: "fastcgi://unix:/tmp/php-cgi.sock:", host: "127.0.0.1"
2021/03/02 21:58:35 [error] 929613#0: *1445 FastCGI sent in stderr: "PHP message: An Error occurred while handling another error:
yii\base\InvalidRouteException: Unable to resolve the request "site/error". in /home/wwwroot/yii-erik-admin/vendor/yiisoft/yii2/base/Module.php:543
Stack trace:
#0 /home/wwwroot/yii-erik-admin/vendor/yiisoft/yii2/web/ErrorHandler.php(109): yii\base\Module->runAction()
#1 /home/wwwroot/yii-erik-admin/vendor/yiisoft/yii2/base/ErrorHandler.php(135): yii\web\ErrorHandler->renderException()
#2 [internal function]: yii\base\ErrorHandler->handleException()
#3 {main}
Previous exception:
yii\web\NotFoundHttpException: 页面未找到。 in /home/wwwroot/yii-erik-admin/vendor/yiisoft/yii2/web/Request.php:290
Stack trace:
#0 /home/wwwroot/yii-erik-admin/vendor/yiisoft/yii2/web/Application.php(83): yii\web\Request->resolve()
#1 /home/wwwroot/yii-erik-admin/vendor/yiisoft/yii2/base/Application.php(392): yii\web\Application->handleRequest()
#2 /home/wwwroot/yii-erik-admin/web/index.php(12): yii\base\Application->run()
#3 {main}
$_SERVER = [
    'USER'" while reading upstream, client: 127.0.0.1, server: y.com, request: "GET /v1/admin?page=1&limit=25 HTTP/1.1", upstream: "fastcgi://unix:/tmp/php-cgi.sock:", host: "127.0.0.1"
2021/03/02 21:58:35 [error] 929613#0: *1445 FastCGI sent in stderr: "PHP message: An Error occurred while handling another error:
yii\base\InvalidRouteException: Unable to resolve the request "site/error". in /home/wwwroot/yii-erik-admin/vendor/yiisoft/yii2/base/Module.php:543
Stack trace:
#0 /home/wwwroot/yii-erik-admin/vendor/yiisoft/yii2/web/ErrorHandler.php(109): yii\base\Module->runAction()
#1 /home/wwwroot/yii-erik-admin/vendor/yiisoft/yii2/base/ErrorHandler.php(135): yii\web\ErrorHandler->renderException()
#2 [internal function]: yii\base\ErrorHandler->handleException()
#3 {main}
Previous exception:
yii\web\NotFoundHttpException: 页面未找到。 in /home/wwwroot/yii-erik-admin/vendor/yiisoft/yii2/web/Request.php:290
Stack trace:
#0 /home/wwwroot/yii-erik-admin/vendor/yiisoft/yii2/web/Application.php(83): yii\web\Request->resolve()
#1 /home/wwwroot/yii-erik-admin/vendor/yiisoft/yii2/base/Application.php(392): yii\web\Application->handleRequest()
#2 /home/wwwroot/yii-erik-admin/web/index.php(12): yii\base\Application->run()
#3 {main}
$_SERVER = [
    'USER'" while reading upstream, client: 127.0.0.1, server: y.com, request: "GET /v1/admin?page=1&limit=25 HTTP/1.1", upstream: "fastcgi://unix:/tmp/php-cgi.sock:", host: "127.0.0.1"
2021/03/02 22:08:01 [error] 929613#0: *1451 FastCGI sent in stderr: "PHP message: An Error occurred while handling another error:
yii\base\InvalidRouteException: Unable to resolve the request "site/error". in /home/wwwroot/yii-erik-admin/vendor/yiisoft/yii2/base/Module.php:543
Stack trace:
#0 /home/wwwroot/yii-erik-admin/vendor/yiisoft/yii2/web/ErrorHandler.php(109): yii\base\Module->runAction()
#1 /home/wwwroot/yii-erik-admin/vendor/yiisoft/yii2/base/ErrorHandler.php(135): yii\web\ErrorHandler->renderException()
#2 [internal function]: yii\base\ErrorHandler->handleException()
#3 {main}
Previous exception:
yii\base\InvalidRouteException: Unable to resolve the request: v1/admin/resetPassword in /home/wwwroot/yii-erik-admin/vendor/yiisoft/yii2/base/Controller.php:152
Stack trace:
#0 /home/wwwroot/yii-erik-admin/vendor/yiisoft/yii2/base/Module.php(534): yii\base\Controller->runAction()
#1 /home/wwwroot/yii-erik-admin/vendor/yiisoft/yii2/web/Application.php(104): yii\base\Module->runAction()
#2 /home/wwwroot/yii-erik-admin/vendor/yiisoft/yii2/base/Application.php(392):" while reading upstream, client: 127.0.0.1, server: y.com, request: "PUT /v1/admin/reset-password?id=6772517604436213761 HTTP/1.1", upstream: "fastcgi://unix:/tmp/php-cgi.sock:", host: "127.0.0.1"
